ERROR - 2021-11-25 17:34:04 --> Error connecting to the database: Access denied for user '****'@'localhost'
CRITICAL - 2021-11-25 17:34:04 --> Unable to connect to the database.
Main connection [MySQLi]: Access denied for user '****'@'localhost'
#0 /home/klevertonkulmann/Documentos/DS_environment/app/maxplural/vendor/codeigniter4/framework/system/Database/BaseConnection.php(577): CodeIgniter\Database\BaseConnection->initialize()
#1 /home/klevertonkulmann/Documentos/DS_environment/app/maxplural/vendor/codeigniter4/framework/system/Database/BaseBuilder.php(1443): CodeIgniter\Database\BaseConnection->query()
#2 /home/klevertonkulmann/Documentos/DS_environment/app/maxplural/vendor/codeigniter4/framework/system/Model.php(183): CodeIgniter\Database\BaseBuilder->get()
#3 /home/klevertonkulmann/Documentos/DS_environment/app/maxplural/vendor/codeigniter4/framework/system/BaseModel.php(584): CodeIgniter\Model->doFindAll()
#4 /home/klevertonkulmann/Documentos/DS_environment/app/maxplural/app/Controllers/Site.php(24): CodeIgniter\BaseModel->findAll()
#5 /home/klevertonkulmann/Documentos/DS_environment/app/maxplural/vendor/codeigniter4/framework/system/CodeIgniter.php(824): App\Controllers\Site->index()
#6 /home/klevertonkulmann/Documentos/DS_environment/app/maxplural/vendor/codeigniter4/framework/system/CodeIgniter.php(410): CodeIgniter\CodeIgniter->runController()
#7 /home/klevertonkulmann/Documentos/DS_environment/app/maxplural/vendor/codeigniter4/framework/system/CodeIgniter.php(318): CodeIgniter\CodeIgniter->handleRequest()
#8 /home/klevertonkulmann/Documentos/DS_environment/app/maxplural/public/index.php(37): CodeIgniter\CodeIgniter->run()
#9 /home/klevertonkulmann/Documentos/DS_environment/app/maxplural/vendor/codeigniter4/framework/system/Commands/Server/rewrite.php(43): require_once('/home/kleverton...')
#10 {main}
ERROR - 2021-11-25 17:34:06 --> Error connecting to the database: Access denied for user '****'@'localhost'
CRITICAL - 2021-11-25 17:34:06 --> Unable to connect to the database.
Main connection [MySQLi]: Access denied for user '****'@'localhost'
#0 /home/klevertonkulmann/Documentos/DS_environment/app/maxplural/vendor/codeigniter4/framework/system/Session/Handlers/DatabaseHandler.php(95): CodeIgniter\Database\BaseConnection->initialize()
#1 [internal function]: CodeIgniter\Session\Handlers\DatabaseHandler->open()
#2 /home/klevertonkulmann/Documentos/DS_environment/app/maxplural/vendor/codeigniter4/framework/system/Session/Session.php(894): session_start()
#3 /home/klevertonkulmann/Documentos/DS_environment/app/maxplural/vendor/codeigniter4/framework/system/Session/Session.php(238): CodeIgniter\Session\Session->startSession()
#4 /home/klevertonkulmann/Documentos/DS_environment/app/maxplural/vendor/codeigniter4/framework/system/Config/Services.php(577): CodeIgniter\Session\Session->start()
#5 /home/klevertonkulmann/Documentos/DS_environment/app/maxplural/vendor/codeigniter4/framework/system/Config/BaseService.php(248): CodeIgniter\Config\Services::session()
#6 /home/klevertonkulmann/Documentos/DS_environment/app/maxplural/vendor/codeigniter4/framework/system/Config/BaseService.php(189): CodeIgniter\Config\BaseService::__callStatic()
#7 /home/klevertonkulmann/Documentos/DS_environment/app/maxplural/vendor/codeigniter4/framework/system/Config/Services.php(563): CodeIgniter\Config\BaseService::getSharedInstance()
#8 /home/klevertonkulmann/Documentos/DS_environment/app/maxplural/vendor/codeigniter4/framework/system/Config/BaseService.php(248): CodeIgniter\Config\Services::session()
#9 /home/klevertonkulmann/Documentos/DS_environment/app/maxplural/vendor/codeigniter4/framework/system/Common.php(909): CodeIgniter\Config\BaseService::__callStatic()
#10 /home/klevertonkulmann/Documentos/DS_environment/app/maxplural/app/Libraries/MyAuth.php(39): session()
#11 /home/klevertonkulmann/Documentos/DS_environment/app/maxplural/app/Libraries/MyAuth.php(57): App\Libraries\MyAuth->getAdmin()
#12 /home/klevertonkulmann/Documentos/DS_environment/app/maxplural/app/Controllers/Admin/Index.php(17): App\Libraries\MyAuth->isLoggedIn()
#13 /home/klevertonkulmann/Documentos/DS_environment/app/maxplural/vendor/codeigniter4/framework/system/CodeIgniter.php(824): App\Controllers\Admin\Index->index()
#14 /home/klevertonkulmann/Documentos/DS_environment/app/maxplural/vendor/codeigniter4/framework/system/CodeIgniter.php(410): CodeIgniter\CodeIgniter->runController()
#15 /home/klevertonkulmann/Documentos/DS_environment/app/maxplural/vendor/codeigniter4/framework/system/CodeIgniter.php(318): CodeIgniter\CodeIgniter->handleRequest()
#16 /home/klevertonkulmann/Documentos/DS_environment/app/maxplural/public/index.php(37): CodeIgniter\CodeIgniter->run()
#17 /home/klevertonkulmann/Documentos/DS_environment/app/maxplural/vendor/codeigniter4/framework/system/Commands/Server/rewrite.php(43): require_once('/home/kleverton...')
#18 {main}
ERROR - 2021-11-25 17:35:06 --> Error connecting to the database: Access denied for user '****'@'localhost'
CRITICAL - 2021-11-25 17:35:06 --> Unable to connect to the database.
Main connection [MySQLi]: Access denied for user '****'@'localhost'
#0 /home/klevertonkulmann/Documentos/DS_environment/app/maxplural/vendor/codeigniter4/framework/system/Session/Handlers/DatabaseHandler.php(95): CodeIgniter\Database\BaseConnection->initialize()
#1 [internal function]: CodeIgniter\Session\Handlers\DatabaseHandler->open()
#2 /home/klevertonkulmann/Documentos/DS_environment/app/maxplural/vendor/codeigniter4/framework/system/Session/Session.php(894): session_start()
#3 /home/klevertonkulmann/Documentos/DS_environment/app/maxplural/vendor/codeigniter4/framework/system/Session/Session.php(238): CodeIgniter\Session\Session->startSession()
#4 /home/klevertonkulmann/Documentos/DS_environment/app/maxplural/vendor/codeigniter4/framework/system/Config/Services.php(577): CodeIgniter\Session\Session->start()
#5 /home/klevertonkulmann/Documentos/DS_environment/app/maxplural/vendor/codeigniter4/framework/system/Config/BaseService.php(248): CodeIgniter\Config\Services::session()
#6 /home/klevertonkulmann/Documentos/DS_environment/app/maxplural/vendor/codeigniter4/framework/system/Config/BaseService.php(189): CodeIgniter\Config\BaseService::__callStatic()
#7 /home/klevertonkulmann/Documentos/DS_environment/app/maxplural/vendor/codeigniter4/framework/system/Config/Services.php(563): CodeIgniter\Config\BaseService::getSharedInstance()
#8 /home/klevertonkulmann/Documentos/DS_environment/app/maxplural/vendor/codeigniter4/framework/system/Config/BaseService.php(248): CodeIgniter\Config\Services::session()
#9 /home/klevertonkulmann/Documentos/DS_environment/app/maxplural/vendor/codeigniter4/framework/system/Common.php(909): CodeIgniter\Config\BaseService::__callStatic()
#10 /home/klevertonkulmann/Documentos/DS_environment/app/maxplural/app/Libraries/MyAuth.php(39): session()
#11 /home/klevertonkulmann/Documentos/DS_environment/app/maxplural/app/Libraries/MyAuth.php(57): App\Libraries\MyAuth->getAdmin()
#12 /home/klevertonkulmann/Documentos/DS_environment/app/maxplural/app/Controllers/Admin/Index.php(17): App\Libraries\MyAuth->isLoggedIn()
#13 /home/klevertonkulmann/Documentos/DS_environment/app/maxplural/vendor/codeigniter4/framework/system/CodeIgniter.php(824): App\Controllers\Admin\Index->index()
#14 /home/klevertonkulmann/Documentos/DS_environment/app/maxplural/vendor/codeigniter4/framework/system/CodeIgniter.php(410): CodeIgniter\CodeIgniter->runController()
#15 /home/klevertonkulmann/Documentos/DS_environment/app/maxplural/vendor/codeigniter4/framework/system/CodeIgniter.php(318): CodeIgniter\CodeIgniter->handleRequest()
#16 /home/klevertonkulmann/Documentos/DS_environment/app/maxplural/public/index.php(37): CodeIgniter\CodeIgniter->run()
#17 /home/klevertonkulmann/Documentos/DS_environment/app/maxplural/vendor/codeigniter4/framework/system/Commands/Server/rewrite.php(43): require_once('/home/kleverton...')
#18 {main}
ERROR - 2021-11-25 17:36:45 --> Error connecting to the database: Access denied for user '****'@'localhost'
CRITICAL - 2021-11-25 17:36:45 --> Unable to connect to the database.
Main connection [MySQLi]: Access denied for user '****'@'localhost'
#0 /home/klevertonkulmann/Documentos/DS_environment/app/maxplural/vendor/codeigniter4/framework/system/Database/BaseConnection.php(577): CodeIgniter\Database\BaseConnection->initialize()
#1 /home/klevertonkulmann/Documentos/DS_environment/app/maxplural/vendor/codeigniter4/framework/system/Database/BaseBuilder.php(1443): CodeIgniter\Database\BaseConnection->query()
#2 /home/klevertonkulmann/Documentos/DS_environment/app/maxplural/vendor/codeigniter4/framework/system/Model.php(183): CodeIgniter\Database\BaseBuilder->get()
#3 /home/klevertonkulmann/Documentos/DS_environment/app/maxplural/vendor/codeigniter4/framework/system/BaseModel.php(584): CodeIgniter\Model->doFindAll()
#4 /home/klevertonkulmann/Documentos/DS_environment/app/maxplural/app/Controllers/Site.php(24): CodeIgniter\BaseModel->findAll()
#5 /home/klevertonkulmann/Documentos/DS_environment/app/maxplural/vendor/codeigniter4/framework/system/CodeIgniter.php(824): App\Controllers\Site->index()
#6 /home/klevertonkulmann/Documentos/DS_environment/app/maxplural/vendor/codeigniter4/framework/system/CodeIgniter.php(410): CodeIgniter\CodeIgniter->runController()
#7 /home/klevertonkulmann/Documentos/DS_environment/app/maxplural/vendor/codeigniter4/framework/system/CodeIgniter.php(318): CodeIgniter\CodeIgniter->handleRequest()
#8 /home/klevertonkulmann/Documentos/DS_environment/app/maxplural/public/index.php(37): CodeIgniter\CodeIgniter->run()
#9 /home/klevertonkulmann/Documentos/DS_environment/app/maxplural/vendor/codeigniter4/framework/system/Commands/Server/rewrite.php(43): require_once('/home/kleverton...')
#10 {main}
ERROR - 2021-11-25 17:40:09 --> Error connecting to the database: Access denied for user '****'@'localhost'
CRITICAL - 2021-11-25 17:40:09 --> Unable to connect to the database.
Main connection [MySQLi]: Access denied for user '****'@'localhost'
#0 /home/klevertonkulmann/Documentos/DS_environment/app/maxplural/vendor/codeigniter4/framework/system/Database/BaseConnection.php(577): CodeIgniter\Database\BaseConnection->initialize()
#1 /home/klevertonkulmann/Documentos/DS_environment/app/maxplural/vendor/codeigniter4/framework/system/Database/BaseBuilder.php(1443): CodeIgniter\Database\BaseConnection->query()
#2 /home/klevertonkulmann/Documentos/DS_environment/app/maxplural/vendor/codeigniter4/framework/system/Model.php(183): CodeIgniter\Database\BaseBuilder->get()
#3 /home/klevertonkulmann/Documentos/DS_environment/app/maxplural/vendor/codeigniter4/framework/system/BaseModel.php(584): CodeIgniter\Model->doFindAll()
#4 /home/klevertonkulmann/Documentos/DS_environment/app/maxplural/app/Controllers/Site.php(24): CodeIgniter\BaseModel->findAll()
#5 /home/klevertonkulmann/Documentos/DS_environment/app/maxplural/vendor/codeigniter4/framework/system/CodeIgniter.php(824): App\Controllers\Site->index()
#6 /home/klevertonkulmann/Documentos/DS_environment/app/maxplural/vendor/codeigniter4/framework/system/CodeIgniter.php(410): CodeIgniter\CodeIgniter->runController()
#7 /home/klevertonkulmann/Documentos/DS_environment/app/maxplural/vendor/codeigniter4/framework/system/CodeIgniter.php(318): CodeIgniter\CodeIgniter->handleRequest()
#8 /home/klevertonkulmann/Documentos/DS_environment/app/maxplural/public/index.php(37): CodeIgniter\CodeIgniter->run()
#9 /home/klevertonkulmann/Documentos/DS_environment/app/maxplural/vendor/codeigniter4/framework/system/Commands/Server/rewrite.php(43): require_once('/home/kleverton...')
#10 {main}
ERROR - 2021-11-25 17:40:18 --> Error connecting to the database: Access denied for user '****'@'localhost'
CRITICAL - 2021-11-25 17:40:18 --> Unable to connect to the database.
Main connection [MySQLi]: Access denied for user '****'@'localhost'
#0 /home/klevertonkulmann/Documentos/DS_environment/app/maxplural/vendor/codeigniter4/framework/system/Database/BaseConnection.php(577): CodeIgniter\Database\BaseConnection->initialize()
#1 /home/klevertonkulmann/Documentos/DS_environment/app/maxplural/vendor/codeigniter4/framework/system/Database/BaseBuilder.php(1443): CodeIgniter\Database\BaseConnection->query()
#2 /home/klevertonkulmann/Documentos/DS_environment/app/maxplural/vendor/codeigniter4/framework/system/Model.php(183): CodeIgniter\Database\BaseBuilder->get()
#3 /home/klevertonkulmann/Documentos/DS_environment/app/maxplural/vendor/codeigniter4/framework/system/BaseModel.php(584): CodeIgniter\Model->doFindAll()
#4 /home/klevertonkulmann/Documentos/DS_environment/app/maxplural/app/Controllers/Site.php(24): CodeIgniter\BaseModel->findAll()
#5 /home/klevertonkulmann/Documentos/DS_environment/app/maxplural/vendor/codeigniter4/framework/system/CodeIgniter.php(824): App\Controllers\Site->index()
#6 /home/klevertonkulmann/Documentos/DS_environment/app/maxplural/vendor/codeigniter4/framework/system/CodeIgniter.php(410): CodeIgniter\CodeIgniter->runController()
#7 /home/klevertonkulmann/Documentos/DS_environment/app/maxplural/vendor/codeigniter4/framework/system/CodeIgniter.php(318): CodeIgniter\CodeIgniter->handleRequest()
#8 /home/klevertonkulmann/Documentos/DS_environment/app/maxplural/public/index.php(37): CodeIgniter\CodeIgniter->run()
#9 /home/klevertonkulmann/Documentos/DS_environment/app/maxplural/vendor/codeigniter4/framework/system/Commands/Server/rewrite.php(43): require_once('/home/kleverton...')
#10 {main}
ERROR - 2021-11-25 17:41:15 --> Error connecting to the database: Access denied for user '****'@'localhost'
CRITICAL - 2021-11-25 17:41:15 --> Unable to connect to the database.
Main connection [MySQLi]: Access denied for user '****'@'localhost'
#0 /home/klevertonkulmann/Documentos/DS_environment/app/maxplural/vendor/codeigniter4/framework/system/Database/BaseConnection.php(577): CodeIgniter\Database\BaseConnection->initialize()
#1 /home/klevertonkulmann/Documentos/DS_environment/app/maxplural/vendor/codeigniter4/framework/system/Database/BaseBuilder.php(1443): CodeIgniter\Database\BaseConnection->query()
#2 /home/klevertonkulmann/Documentos/DS_environment/app/maxplural/vendor/codeigniter4/framework/system/Model.php(183): CodeIgniter\Database\BaseBuilder->get()
#3 /home/klevertonkulmann/Documentos/DS_environment/app/maxplural/vendor/codeigniter4/framework/system/BaseModel.php(584): CodeIgniter\Model->doFindAll()
#4 /home/klevertonkulmann/Documentos/DS_environment/app/maxplural/app/Controllers/Site.php(24): CodeIgniter\BaseModel->findAll()
#5 /home/klevertonkulmann/Documentos/DS_environment/app/maxplural/vendor/codeigniter4/framework/system/CodeIgniter.php(824): App\Controllers\Site->index()
#6 /home/klevertonkulmann/Documentos/DS_environment/app/maxplural/vendor/codeigniter4/framework/system/CodeIgniter.php(410): CodeIgniter\CodeIgniter->runController()
#7 /home/klevertonkulmann/Documentos/DS_environment/app/maxplural/vendor/codeigniter4/framework/system/CodeIgniter.php(318): CodeIgniter\CodeIgniter->handleRequest()
#8 /home/klevertonkulmann/Documentos/DS_environment/app/maxplural/public/index.php(37): CodeIgniter\CodeIgniter->run()
#9 /home/klevertonkulmann/Documentos/DS_environment/app/maxplural/vendor/codeigniter4/framework/system/Commands/Server/rewrite.php(43): require_once('/home/kleverton...')
#10 {main}
ERROR - 2021-11-25 17:41:33 --> Error connecting to the database: Access denied for user '****'@'localhost'
CRITICAL - 2021-11-25 17:41:33 --> Unable to connect to the database.
Main connection [MySQLi]: Access denied for user '****'@'localhost'
#0 /home/klevertonkulmann/Documentos/DS_environment/app/maxplural/vendor/codeigniter4/framework/system/Database/BaseConnection.php(577): CodeIgniter\Database\BaseConnection->initialize()
#1 /home/klevertonkulmann/Documentos/DS_environment/app/maxplural/vendor/codeigniter4/framework/system/Database/BaseBuilder.php(1443): CodeIgniter\Database\BaseConnection->query()
#2 /home/klevertonkulmann/Documentos/DS_environment/app/maxplural/vendor/codeigniter4/framework/system/Model.php(183): CodeIgniter\Database\BaseBuilder->get()
#3 /home/klevertonkulmann/Documentos/DS_environment/app/maxplural/vendor/codeigniter4/framework/system/BaseModel.php(584): CodeIgniter\Model->doFindAll()
#4 /home/klevertonkulmann/Documentos/DS_environment/app/maxplural/app/Controllers/Site.php(24): CodeIgniter\BaseModel->findAll()
#5 /home/klevertonkulmann/Documentos/DS_environment/app/maxplural/vendor/codeigniter4/framework/system/CodeIgniter.php(824): App\Controllers\Site->index()
#6 /home/klevertonkulmann/Documentos/DS_environment/app/maxplural/vendor/codeigniter4/framework/system/CodeIgniter.php(410): CodeIgniter\CodeIgniter->runController()
#7 /home/klevertonkulmann/Documentos/DS_environment/app/maxplural/vendor/codeigniter4/framework/system/CodeIgniter.php(318): CodeIgniter\CodeIgniter->handleRequest()
#8 /home/klevertonkulmann/Documentos/DS_environment/app/maxplural/public/index.php(37): CodeIgniter\CodeIgniter->run()
#9 /home/klevertonkulmann/Documentos/DS_environment/app/maxplural/vendor/codeigniter4/framework/system/Commands/Server/rewrite.php(43): require_once('/home/kleverton...')
#10 {main}
ERROR - 2021-11-25 17:41:38 --> Error connecting to the database: Access denied for user '****'@'localhost'
CRITICAL - 2021-11-25 17:41:38 --> Unable to connect to the database.
Main connection [MySQLi]: Access denied for user '****'@'localhost'
#0 /home/klevertonkulmann/Documentos/DS_environment/app/maxplural/vendor/codeigniter4/framework/system/Session/Handlers/DatabaseHandler.php(95): CodeIgniter\Database\BaseConnection->initialize()
#1 [internal function]: CodeIgniter\Session\Handlers\DatabaseHandler->open()
#2 /home/klevertonkulmann/Documentos/DS_environment/app/maxplural/vendor/codeigniter4/framework/system/Session/Session.php(894): session_start()
#3 /home/klevertonkulmann/Documentos/DS_environment/app/maxplural/vendor/codeigniter4/framework/system/Session/Session.php(238): CodeIgniter\Session\Session->startSession()
#4 /home/klevertonkulmann/Documentos/DS_environment/app/maxplural/vendor/codeigniter4/framework/system/Config/Services.php(577): CodeIgniter\Session\Session->start()
#5 /home/klevertonkulmann/Documentos/DS_environment/app/maxplural/vendor/codeigniter4/framework/system/Config/BaseService.php(248): CodeIgniter\Config\Services::session()
#6 /home/klevertonkulmann/Documentos/DS_environment/app/maxplural/vendor/codeigniter4/framework/system/Config/BaseService.php(189): CodeIgniter\Config\BaseService::__callStatic()
#7 /home/klevertonkulmann/Documentos/DS_environment/app/maxplural/vendor/codeigniter4/framework/system/Config/Services.php(563): CodeIgniter\Config\BaseService::getSharedInstance()
#8 /home/klevertonkulmann/Documentos/DS_environment/app/maxplural/vendor/codeigniter4/framework/system/Config/BaseService.php(248): CodeIgniter\Config\Services::session()
#9 /home/klevertonkulmann/Documentos/DS_environment/app/maxplural/vendor/codeigniter4/framework/system/Common.php(909): CodeIgniter\Config\BaseService::__callStatic()
#10 /home/klevertonkulmann/Documentos/DS_environment/app/maxplural/app/Libraries/MyAuth.php(39): session()
#11 /home/klevertonkulmann/Documentos/DS_environment/app/maxplural/app/Libraries/MyAuth.php(57): App\Libraries\MyAuth->getAdmin()
#12 /home/klevertonkulmann/Documentos/DS_environment/app/maxplural/app/Controllers/Admin/Index.php(17): App\Libraries\MyAuth->isLoggedIn()
#13 /home/klevertonkulmann/Documentos/DS_environment/app/maxplural/vendor/codeigniter4/framework/system/CodeIgniter.php(824): App\Controllers\Admin\Index->index()
#14 /home/klevertonkulmann/Documentos/DS_environment/app/maxplural/vendor/codeigniter4/framework/system/CodeIgniter.php(410): CodeIgniter\CodeIgniter->runController()
#15 /home/klevertonkulmann/Documentos/DS_environment/app/maxplural/vendor/codeigniter4/framework/system/CodeIgniter.php(318): CodeIgniter\CodeIgniter->handleRequest()
#16 /home/klevertonkulmann/Documentos/DS_environment/app/maxplural/public/index.php(37): CodeIgniter\CodeIgniter->run()
#17 /home/klevertonkulmann/Documentos/DS_environment/app/maxplural/vendor/codeigniter4/framework/system/Commands/Server/rewrite.php(43): require_once('/home/kleverton...')
#18 {main}
ERROR - 2021-11-25 17:45:26 --> Error connecting to the database: Access denied for user '****'@'localhost'
CRITICAL - 2021-11-25 17:45:26 --> Unable to connect to the database.
Main connection [MySQLi]: Access denied for user '****'@'localhost'
#0 /home/klevertonkulmann/Documentos/DS_environment/app/maxplural/vendor/codeigniter4/framework/system/Database/BaseConnection.php(577): CodeIgniter\Database\BaseConnection->initialize()
#1 /home/klevertonkulmann/Documentos/DS_environment/app/maxplural/vendor/codeigniter4/framework/system/Database/BaseBuilder.php(1443): CodeIgniter\Database\BaseConnection->query()
#2 /home/klevertonkulmann/Documentos/DS_environment/app/maxplural/vendor/codeigniter4/framework/system/Model.php(183): CodeIgniter\Database\BaseBuilder->get()
#3 /home/klevertonkulmann/Documentos/DS_environment/app/maxplural/vendor/codeigniter4/framework/system/BaseModel.php(584): CodeIgniter\Model->doFindAll()
#4 /home/klevertonkulmann/Documentos/DS_environment/app/maxplural/app/Controllers/Site.php(24): CodeIgniter\BaseModel->findAll()
#5 /home/klevertonkulmann/Documentos/DS_environment/app/maxplural/vendor/codeigniter4/framework/system/CodeIgniter.php(824): App\Controllers\Site->index()
#6 /home/klevertonkulmann/Documentos/DS_environment/app/maxplural/vendor/codeigniter4/framework/system/CodeIgniter.php(410): CodeIgniter\CodeIgniter->runController()
#7 /home/klevertonkulmann/Documentos/DS_environment/app/maxplural/vendor/codeigniter4/framework/system/CodeIgniter.php(318): CodeIgniter\CodeIgniter->handleRequest()
#8 /home/klevertonkulmann/Documentos/DS_environment/app/maxplural/public/index.php(37): CodeIgniter\CodeIgniter->run()
#9 /home/klevertonkulmann/Documentos/DS_environment/app/maxplural/vendor/codeigniter4/framework/system/Commands/Server/rewrite.php(43): require_once('/home/kleverton...')
#10 {main}
CRITICAL - 2021-11-25 17:46:17 --> Trying to get property 'titulo' of non-object
#0 /home/klevertonkulmann/Documentos/DS_environment/app/maxplural/app/Views/pages/offline.php(4): CodeIgniter\Debug\Exceptions->errorHandler()
#1 /home/klevertonkulmann/Documentos/DS_environment/app/maxplural/vendor/codeigniter4/framework/system/View/View.php(214): include('/home/kleverton...')
#2 /home/klevertonkulmann/Documentos/DS_environment/app/maxplural/vendor/codeigniter4/framework/system/View/View.php(217): CodeIgniter\View\View->CodeIgniter\View\{closure}()
#3 /home/klevertonkulmann/Documentos/DS_environment/app/maxplural/vendor/codeigniter4/framework/system/Common.php(1097): CodeIgniter\View\View->render()
#4 /home/klevertonkulmann/Documentos/DS_environment/app/maxplural/app/Controllers/Site.php(160): view()
#5 /home/klevertonkulmann/Documentos/DS_environment/app/maxplural/app/Controllers/Site.php(153): App\Controllers\Site->show()
#6 /home/klevertonkulmann/Documentos/DS_environment/app/maxplural/app/Controllers/Site.php(43): App\Controllers\Site->page()
#7 /home/klevertonkulmann/Documentos/DS_environment/app/maxplural/vendor/codeigniter4/framework/system/CodeIgniter.php(824): App\Controllers\Site->offline()
#8 /home/klevertonkulmann/Documentos/DS_environment/app/maxplural/vendor/codeigniter4/framework/system/CodeIgniter.php(410): CodeIgniter\CodeIgniter->runController()
#9 /home/klevertonkulmann/Documentos/DS_environment/app/maxplural/vendor/codeigniter4/framework/system/CodeIgniter.php(318): CodeIgniter\CodeIgniter->handleRequest()
#10 /home/klevertonkulmann/Documentos/DS_environment/app/maxplural/public/index.php(37): CodeIgniter\CodeIgniter->run()
#11 /home/klevertonkulmann/Documentos/DS_environment/app/maxplural/vendor/codeigniter4/framework/system/Commands/Server/rewrite.php(43): require_once('/home/kleverton...')
#12 {main}
CRITICAL - 2021-11-25 17:47:34 --> Trying to get property 'titulo' of non-object
#0 /home/klevertonkulmann/Documentos/DS_environment/app/maxplural/app/Views/pages/offline.php(4): CodeIgniter\Debug\Exceptions->errorHandler()
#1 /home/klevertonkulmann/Documentos/DS_environment/app/maxplural/vendor/codeigniter4/framework/system/View/View.php(214): include('/home/kleverton...')
#2 /home/klevertonkulmann/Documentos/DS_environment/app/maxplural/vendor/codeigniter4/framework/system/View/View.php(217): CodeIgniter\View\View->CodeIgniter\View\{closure}()
#3 /home/klevertonkulmann/Documentos/DS_environment/app/maxplural/vendor/codeigniter4/framework/system/Common.php(1097): CodeIgniter\View\View->render()
#4 /home/klevertonkulmann/Documentos/DS_environment/app/maxplural/app/Controllers/Site.php(160): view()
#5 /home/klevertonkulmann/Documentos/DS_environment/app/maxplural/app/Controllers/Site.php(153): App\Controllers\Site->show()
#6 /home/klevertonkulmann/Documentos/DS_environment/app/maxplural/app/Controllers/Site.php(43): App\Controllers\Site->page()
#7 /home/klevertonkulmann/Documentos/DS_environment/app/maxplural/vendor/codeigniter4/framework/system/CodeIgniter.php(824): App\Controllers\Site->offline()
#8 /home/klevertonkulmann/Documentos/DS_environment/app/maxplural/vendor/codeigniter4/framework/system/CodeIgniter.php(410): CodeIgniter\CodeIgniter->runController()
#9 /home/klevertonkulmann/Documentos/DS_environment/app/maxplural/vendor/codeigniter4/framework/system/CodeIgniter.php(318): CodeIgniter\CodeIgniter->handleRequest()
#10 /home/klevertonkulmann/Documentos/DS_environment/app/maxplural/public/index.php(37): CodeIgniter\CodeIgniter->run()
#11 /home/klevertonkulmann/Documentos/DS_environment/app/maxplural/vendor/codeigniter4/framework/system/Commands/Server/rewrite.php(43): require_once('/home/kleverton...')
#12 {main}
CRITICAL - 2021-11-25 18:05:32 --> Trying to get property 'titulo' of non-object
#0 /home/klevertonkulmann/Documentos/DS_environment/app/maxplural/app/Views/pages/offline.php(4): CodeIgniter\Debug\Exceptions->errorHandler()
#1 /home/klevertonkulmann/Documentos/DS_environment/app/maxplural/vendor/codeigniter4/framework/system/View/View.php(214): include('/home/kleverton...')
#2 /home/klevertonkulmann/Documentos/DS_environment/app/maxplural/vendor/codeigniter4/framework/system/View/View.php(217): CodeIgniter\View\View->CodeIgniter\View\{closure}()
#3 /home/klevertonkulmann/Documentos/DS_environment/app/maxplural/vendor/codeigniter4/framework/system/Common.php(1097): CodeIgniter\View\View->render()
#4 /home/klevertonkulmann/Documentos/DS_environment/app/maxplural/app/Controllers/Site.php(160): view()
#5 /home/klevertonkulmann/Documentos/DS_environment/app/maxplural/app/Controllers/Site.php(153): App\Controllers\Site->show()
#6 /home/klevertonkulmann/Documentos/DS_environment/app/maxplural/app/Controllers/Site.php(43): App\Controllers\Site->page()
#7 /home/klevertonkulmann/Documentos/DS_environment/app/maxplural/vendor/codeigniter4/framework/system/CodeIgniter.php(824): App\Controllers\Site->offline()
#8 /home/klevertonkulmann/Documentos/DS_environment/app/maxplural/vendor/codeigniter4/framework/system/CodeIgniter.php(410): CodeIgniter\CodeIgniter->runController()
#9 /home/klevertonkulmann/Documentos/DS_environment/app/maxplural/vendor/codeigniter4/framework/system/CodeIgniter.php(318): CodeIgniter\CodeIgniter->handleRequest()
#10 /home/klevertonkulmann/Documentos/DS_environment/app/maxplural/public/index.php(37): CodeIgniter\CodeIgniter->run()
#11 /home/klevertonkulmann/Documentos/DS_environment/app/maxplural/vendor/codeigniter4/framework/system/Commands/Server/rewrite.php(43): require_once('/home/kleverton...')
#12 {main}
CRITICAL - 2021-11-25 18:06:01 --> Trying to get property 'titulo' of non-object
#0 /home/klevertonkulmann/Documentos/DS_environment/app/maxplural/app/Views/pages/offline.php(4): CodeIgniter\Debug\Exceptions->errorHandler()
#1 /home/klevertonkulmann/Documentos/DS_environment/app/maxplural/vendor/codeigniter4/framework/system/View/View.php(214): include('/home/kleverton...')
#2 /home/klevertonkulmann/Documentos/DS_environment/app/maxplural/vendor/codeigniter4/framework/system/View/View.php(217): CodeIgniter\View\View->CodeIgniter\View\{closure}()
#3 /home/klevertonkulmann/Documentos/DS_environment/app/maxplural/vendor/codeigniter4/framework/system/Common.php(1097): CodeIgniter\View\View->render()
#4 /home/klevertonkulmann/Documentos/DS_environment/app/maxplural/app/Controllers/Site.php(160): view()
#5 /home/klevertonkulmann/Documentos/DS_environment/app/maxplural/app/Controllers/Site.php(153): App\Controllers\Site->show()
#6 /home/klevertonkulmann/Documentos/DS_environment/app/maxplural/app/Controllers/Site.php(43): App\Controllers\Site->page()
#7 /home/klevertonkulmann/Documentos/DS_environment/app/maxplural/vendor/codeigniter4/framework/system/CodeIgniter.php(824): App\Controllers\Site->offline()
#8 /home/klevertonkulmann/Documentos/DS_environment/app/maxplural/vendor/codeigniter4/framework/system/CodeIgniter.php(410): CodeIgniter\CodeIgniter->runController()
#9 /home/klevertonkulmann/Documentos/DS_environment/app/maxplural/vendor/codeigniter4/framework/system/CodeIgniter.php(318): CodeIgniter\CodeIgniter->handleRequest()
#10 /home/klevertonkulmann/Documentos/DS_environment/app/maxplural/public/index.php(37): CodeIgniter\CodeIgniter->run()
#11 /home/klevertonkulmann/Documentos/DS_environment/app/maxplural/vendor/codeigniter4/framework/system/Commands/Server/rewrite.php(43): require_once('/home/kleverton...')
#12 {main}
CRITICAL - 2021-11-25 18:06:15 --> Trying to get property 'titulo' of non-object
#0 /home/klevertonkulmann/Documentos/DS_environment/app/maxplural/app/Views/pages/offline.php(4): CodeIgniter\Debug\Exceptions->errorHandler()
#1 /home/klevertonkulmann/Documentos/DS_environment/app/maxplural/vendor/codeigniter4/framework/system/View/View.php(214): include('/home/kleverton...')
#2 /home/klevertonkulmann/Documentos/DS_environment/app/maxplural/vendor/codeigniter4/framework/system/View/View.php(217): CodeIgniter\View\View->CodeIgniter\View\{closure}()
#3 /home/klevertonkulmann/Documentos/DS_environment/app/maxplural/vendor/codeigniter4/framework/system/Common.php(1097): CodeIgniter\View\View->render()
#4 /home/klevertonkulmann/Documentos/DS_environment/app/maxplural/app/Controllers/Site.php(160): view()
#5 /home/klevertonkulmann/Documentos/DS_environment/app/maxplural/app/Controllers/Site.php(153): App\Controllers\Site->show()
#6 /home/klevertonkulmann/Documentos/DS_environment/app/maxplural/app/Controllers/Site.php(43): App\Controllers\Site->page()
#7 /home/klevertonkulmann/Documentos/DS_environment/app/maxplural/vendor/codeigniter4/framework/system/CodeIgniter.php(824): App\Controllers\Site->offline()
#8 /home/klevertonkulmann/Documentos/DS_environment/app/maxplural/vendor/codeigniter4/framework/system/CodeIgniter.php(410): CodeIgniter\CodeIgniter->runController()
#9 /home/klevertonkulmann/Documentos/DS_environment/app/maxplural/vendor/codeigniter4/framework/system/CodeIgniter.php(318): CodeIgniter\CodeIgniter->handleRequest()
#10 /home/klevertonkulmann/Documentos/DS_environment/app/maxplural/public/index.php(37): CodeIgniter\CodeIgniter->run()
#11 /home/klevertonkulmann/Documentos/DS_environment/app/maxplural/vendor/codeigniter4/framework/system/Commands/Server/rewrite.php(43): require_once('/home/kleverton...')
#12 {main}
CRITICAL - 2021-11-25 18:56:15 --> Undefined property: stdClass::$linha
#0 /home/klevertonkulmann/Documentos/DS_environment/app/maxplural/app/Views/pages/empreendimentos.php(42): CodeIgniter\Debug\Exceptions->errorHandler()
#1 /home/klevertonkulmann/Documentos/DS_environment/app/maxplural/vendor/codeigniter4/framework/system/View/View.php(214): include('/home/kleverton...')
#2 /home/klevertonkulmann/Documentos/DS_environment/app/maxplural/vendor/codeigniter4/framework/system/View/View.php(217): CodeIgniter\View\View->CodeIgniter\View\{closure}()
#3 /home/klevertonkulmann/Documentos/DS_environment/app/maxplural/vendor/codeigniter4/framework/system/Common.php(1097): CodeIgniter\View\View->render()
#4 /home/klevertonkulmann/Documentos/DS_environment/app/maxplural/app/Controllers/Site.php(160): view()
#5 /home/klevertonkulmann/Documentos/DS_environment/app/maxplural/app/Controllers/Site.php(58): App\Controllers\Site->show()
#6 /home/klevertonkulmann/Documentos/DS_environment/app/maxplural/vendor/codeigniter4/framework/system/CodeIgniter.php(824): App\Controllers\Site->empreendimentos()
#7 /home/klevertonkulmann/Documentos/DS_environment/app/maxplural/vendor/codeigniter4/framework/system/CodeIgniter.php(410): CodeIgniter\CodeIgniter->runController()
#8 /home/klevertonkulmann/Documentos/DS_environment/app/maxplural/vendor/codeigniter4/framework/system/CodeIgniter.php(318): CodeIgniter\CodeIgniter->handleRequest()
#9 /home/klevertonkulmann/Documentos/DS_environment/app/maxplural/public/index.php(37): CodeIgniter\CodeIgniter->run()
#10 /home/klevertonkulmann/Documentos/DS_environment/app/maxplural/vendor/codeigniter4/framework/system/Commands/Server/rewrite.php(43): require_once('/home/kleverton...')
#11 {main}
CRITICAL - 2021-11-25 19:05:46 --> Trying to get property 'titulo' of non-object
#0 /home/klevertonkulmann/Documentos/DS_environment/app/maxplural/app/Views/pages/offline.php(4): CodeIgniter\Debug\Exceptions->errorHandler()
#1 /home/klevertonkulmann/Documentos/DS_environment/app/maxplural/vendor/codeigniter4/framework/system/View/View.php(214): include('/home/kleverton...')
#2 /home/klevertonkulmann/Documentos/DS_environment/app/maxplural/vendor/codeigniter4/framework/system/View/View.php(217): CodeIgniter\View\View->CodeIgniter\View\{closure}()
#3 /home/klevertonkulmann/Documentos/DS_environment/app/maxplural/vendor/codeigniter4/framework/system/Common.php(1097): CodeIgniter\View\View->render()
#4 /home/klevertonkulmann/Documentos/DS_environment/app/maxplural/app/Controllers/Site.php(160): view()
#5 /home/klevertonkulmann/Documentos/DS_environment/app/maxplural/app/Controllers/Site.php(153): App\Controllers\Site->show()
#6 /home/klevertonkulmann/Documentos/DS_environment/app/maxplural/app/Controllers/Site.php(43): App\Controllers\Site->page()
#7 /home/klevertonkulmann/Documentos/DS_environment/app/maxplural/vendor/codeigniter4/framework/system/CodeIgniter.php(824): App\Controllers\Site->offline()
#8 /home/klevertonkulmann/Documentos/DS_environment/app/maxplural/vendor/codeigniter4/framework/system/CodeIgniter.php(410): CodeIgniter\CodeIgniter->runController()
#9 /home/klevertonkulmann/Documentos/DS_environment/app/maxplural/vendor/codeigniter4/framework/system/CodeIgniter.php(318): CodeIgniter\CodeIgniter->handleRequest()
#10 /home/klevertonkulmann/Documentos/DS_environment/app/maxplural/public/index.php(37): CodeIgniter\CodeIgniter->run()
#11 /home/klevertonkulmann/Documentos/DS_environment/app/maxplural/vendor/codeigniter4/framework/system/Commands/Server/rewrite.php(43): require_once('/home/kleverton...')
#12 {main}
CRITICAL - 2021-11-25 19:06:25 --> Trying to get property 'titulo' of non-object
#0 /home/klevertonkulmann/Documentos/DS_environment/app/maxplural/app/Views/pages/offline.php(4): CodeIgniter\Debug\Exceptions->errorHandler()
#1 /home/klevertonkulmann/Documentos/DS_environment/app/maxplural/vendor/codeigniter4/framework/system/View/View.php(214): include('/home/kleverton...')
#2 /home/klevertonkulmann/Documentos/DS_environment/app/maxplural/vendor/codeigniter4/framework/system/View/View.php(217): CodeIgniter\View\View->CodeIgniter\View\{closure}()
#3 /home/klevertonkulmann/Documentos/DS_environment/app/maxplural/vendor/codeigniter4/framework/system/Common.php(1097): CodeIgniter\View\View->render()
#4 /home/klevertonkulmann/Documentos/DS_environment/app/maxplural/app/Controllers/Site.php(160): view()
#5 /home/klevertonkulmann/Documentos/DS_environment/app/maxplural/app/Controllers/Site.php(153): App\Controllers\Site->show()
#6 /home/klevertonkulmann/Documentos/DS_environment/app/maxplural/app/Controllers/Site.php(43): App\Controllers\Site->page()
#7 /home/klevertonkulmann/Documentos/DS_environment/app/maxplural/vendor/codeigniter4/framework/system/CodeIgniter.php(824): App\Controllers\Site->offline()
#8 /home/klevertonkulmann/Documentos/DS_environment/app/maxplural/vendor/codeigniter4/framework/system/CodeIgniter.php(410): CodeIgniter\CodeIgniter->runController()
#9 /home/klevertonkulmann/Documentos/DS_environment/app/maxplural/vendor/codeigniter4/framework/system/CodeIgniter.php(318): CodeIgniter\CodeIgniter->handleRequest()
#10 /home/klevertonkulmann/Documentos/DS_environment/app/maxplural/public/index.php(37): CodeIgniter\CodeIgniter->run()
#11 /home/klevertonkulmann/Documentos/DS_environment/app/maxplural/vendor/codeigniter4/framework/system/Commands/Server/rewrite.php(43): require_once('/home/kleverton...')
#12 {main}
CRITICAL - 2021-11-25 19:08:36 --> Trying to get property 'titulo' of non-object
#0 /home/klevertonkulmann/Documentos/DS_environment/app/maxplural/app/Views/pages/offline.php(4): CodeIgniter\Debug\Exceptions->errorHandler()
#1 /home/klevertonkulmann/Documentos/DS_environment/app/maxplural/vendor/codeigniter4/framework/system/View/View.php(214): include('/home/kleverton...')
#2 /home/klevertonkulmann/Documentos/DS_environment/app/maxplural/vendor/codeigniter4/framework/system/View/View.php(217): CodeIgniter\View\View->CodeIgniter\View\{closure}()
#3 /home/klevertonkulmann/Documentos/DS_environment/app/maxplural/vendor/codeigniter4/framework/system/Common.php(1097): CodeIgniter\View\View->render()
#4 /home/klevertonkulmann/Documentos/DS_environment/app/maxplural/app/Controllers/Site.php(160): view()
#5 /home/klevertonkulmann/Documentos/DS_environment/app/maxplural/app/Controllers/Site.php(153): App\Controllers\Site->show()
#6 /home/klevertonkulmann/Documentos/DS_environment/app/maxplural/app/Controllers/Site.php(43): App\Controllers\Site->page()
#7 /home/klevertonkulmann/Documentos/DS_environment/app/maxplural/vendor/codeigniter4/framework/system/CodeIgniter.php(824): App\Controllers\Site->offline()
#8 /home/klevertonkulmann/Documentos/DS_environment/app/maxplural/vendor/codeigniter4/framework/system/CodeIgniter.php(410): CodeIgniter\CodeIgniter->runController()
#9 /home/klevertonkulmann/Documentos/DS_environment/app/maxplural/vendor/codeigniter4/framework/system/CodeIgniter.php(318): CodeIgniter\CodeIgniter->handleRequest()
#10 /home/klevertonkulmann/Documentos/DS_environment/app/maxplural/public/index.php(37): CodeIgniter\CodeIgniter->run()
#11 /home/klevertonkulmann/Documentos/DS_environment/app/maxplural/vendor/codeigniter4/framework/system/Commands/Server/rewrite.php(43): require_once('/home/kleverton...')
#12 {main}
CRITICAL - 2021-11-25 19:11:05 --> Trying to get property 'titulo' of non-object
#0 /home/klevertonkulmann/Documentos/DS_environment/app/maxplural/app/Views/pages/offline.php(4): CodeIgniter\Debug\Exceptions->errorHandler()
#1 /home/klevertonkulmann/Documentos/DS_environment/app/maxplural/vendor/codeigniter4/framework/system/View/View.php(214): include('/home/kleverton...')
#2 /home/klevertonkulmann/Documentos/DS_environment/app/maxplural/vendor/codeigniter4/framework/system/View/View.php(217): CodeIgniter\View\View->CodeIgniter\View\{closure}()
#3 /home/klevertonkulmann/Documentos/DS_environment/app/maxplural/vendor/codeigniter4/framework/system/Common.php(1097): CodeIgniter\View\View->render()
#4 /home/klevertonkulmann/Documentos/DS_environment/app/maxplural/app/Controllers/Site.php(160): view()
#5 /home/klevertonkulmann/Documentos/DS_environment/app/maxplural/app/Controllers/Site.php(153): App\Controllers\Site->show()
#6 /home/klevertonkulmann/Documentos/DS_environment/app/maxplural/app/Controllers/Site.php(43): App\Controllers\Site->page()
#7 /home/klevertonkulmann/Documentos/DS_environment/app/maxplural/vendor/codeigniter4/framework/system/CodeIgniter.php(824): App\Controllers\Site->offline()
#8 /home/klevertonkulmann/Documentos/DS_environment/app/maxplural/vendor/codeigniter4/framework/system/CodeIgniter.php(410): CodeIgniter\CodeIgniter->runController()
#9 /home/klevertonkulmann/Documentos/DS_environment/app/maxplural/vendor/codeigniter4/framework/system/CodeIgniter.php(318): CodeIgniter\CodeIgniter->handleRequest()
#10 /home/klevertonkulmann/Documentos/DS_environment/app/maxplural/public/index.php(37): CodeIgniter\CodeIgniter->run()
#11 /home/klevertonkulmann/Documentos/DS_environment/app/maxplural/vendor/codeigniter4/framework/system/Commands/Server/rewrite.php(43): require_once('/home/kleverton...')
#12 {main}
CRITICAL - 2021-11-25 19:12:07 --> Trying to get property 'titulo' of non-object
#0 /home/klevertonkulmann/Documentos/DS_environment/app/maxplural/app/Views/pages/offline.php(4): CodeIgniter\Debug\Exceptions->errorHandler()
#1 /home/klevertonkulmann/Documentos/DS_environment/app/maxplural/vendor/codeigniter4/framework/system/View/View.php(214): include('/home/kleverton...')
#2 /home/klevertonkulmann/Documentos/DS_environment/app/maxplural/vendor/codeigniter4/framework/system/View/View.php(217): CodeIgniter\View\View->CodeIgniter\View\{closure}()
#3 /home/klevertonkulmann/Documentos/DS_environment/app/maxplural/vendor/codeigniter4/framework/system/Common.php(1097): CodeIgniter\View\View->render()
#4 /home/klevertonkulmann/Documentos/DS_environment/app/maxplural/app/Controllers/Site.php(160): view()
#5 /home/klevertonkulmann/Documentos/DS_environment/app/maxplural/app/Controllers/Site.php(153): App\Controllers\Site->show()
#6 /home/klevertonkulmann/Documentos/DS_environment/app/maxplural/app/Controllers/Site.php(43): App\Controllers\Site->page()
#7 /home/klevertonkulmann/Documentos/DS_environment/app/maxplural/vendor/codeigniter4/framework/system/CodeIgniter.php(824): App\Controllers\Site->offline()
#8 /home/klevertonkulmann/Documentos/DS_environment/app/maxplural/vendor/codeigniter4/framework/system/CodeIgniter.php(410): CodeIgniter\CodeIgniter->runController()
#9 /home/klevertonkulmann/Documentos/DS_environment/app/maxplural/vendor/codeigniter4/framework/system/CodeIgniter.php(318): CodeIgniter\CodeIgniter->handleRequest()
#10 /home/klevertonkulmann/Documentos/DS_environment/app/maxplural/public/index.php(37): CodeIgniter\CodeIgniter->run()
#11 /home/klevertonkulmann/Documentos/DS_environment/app/maxplural/vendor/codeigniter4/framework/system/Commands/Server/rewrite.php(43): require_once('/home/kleverton...')
#12 {main}
CRITICAL - 2021-11-25 19:49:14 --> Trying to get property 'titulo' of non-object
#0 /home/klevertonkulmann/Documentos/DS_environment/app/maxplural/app/Views/pages/offline.php(4): CodeIgniter\Debug\Exceptions->errorHandler()
#1 /home/klevertonkulmann/Documentos/DS_environment/app/maxplural/vendor/codeigniter4/framework/system/View/View.php(214): include('/home/kleverton...')
#2 /home/klevertonkulmann/Documentos/DS_environment/app/maxplural/vendor/codeigniter4/framework/system/View/View.php(217): CodeIgniter\View\View->CodeIgniter\View\{closure}()
#3 /home/klevertonkulmann/Documentos/DS_environment/app/maxplural/vendor/codeigniter4/framework/system/Common.php(1097): CodeIgniter\View\View->render()
#4 /home/klevertonkulmann/Documentos/DS_environment/app/maxplural/app/Controllers/Site.php(162): view()
#5 /home/klevertonkulmann/Documentos/DS_environment/app/maxplural/app/Controllers/Site.php(155): App\Controllers\Site->show()
#6 /home/klevertonkulmann/Documentos/DS_environment/app/maxplural/app/Controllers/Site.php(45): App\Controllers\Site->page()
#7 /home/klevertonkulmann/Documentos/DS_environment/app/maxplural/vendor/codeigniter4/framework/system/CodeIgniter.php(824): App\Controllers\Site->offline()
#8 /home/klevertonkulmann/Documentos/DS_environment/app/maxplural/vendor/codeigniter4/framework/system/CodeIgniter.php(410): CodeIgniter\CodeIgniter->runController()
#9 /home/klevertonkulmann/Documentos/DS_environment/app/maxplural/vendor/codeigniter4/framework/system/CodeIgniter.php(318): CodeIgniter\CodeIgniter->handleRequest()
#10 /home/klevertonkulmann/Documentos/DS_environment/app/maxplural/public/index.php(37): CodeIgniter\CodeIgniter->run()
#11 /home/klevertonkulmann/Documentos/DS_environment/app/maxplural/vendor/codeigniter4/framework/system/Commands/Server/rewrite.php(43): require_once('/home/kleverton...')
#12 {main}
CRITICAL - 2021-11-25 19:49:28 --> Trying to get property 'titulo' of non-object
#0 /home/klevertonkulmann/Documentos/DS_environment/app/maxplural/app/Views/pages/offline.php(4): CodeIgniter\Debug\Exceptions->errorHandler()
#1 /home/klevertonkulmann/Documentos/DS_environment/app/maxplural/vendor/codeigniter4/framework/system/View/View.php(214): include('/home/kleverton...')
#2 /home/klevertonkulmann/Documentos/DS_environment/app/maxplural/vendor/codeigniter4/framework/system/View/View.php(217): CodeIgniter\View\View->CodeIgniter\View\{closure}()
#3 /home/klevertonkulmann/Documentos/DS_environment/app/maxplural/vendor/codeigniter4/framework/system/Common.php(1097): CodeIgniter\View\View->render()
#4 /home/klevertonkulmann/Documentos/DS_environment/app/maxplural/app/Controllers/Site.php(162): view()
#5 /home/klevertonkulmann/Documentos/DS_environment/app/maxplural/app/Controllers/Site.php(155): App\Controllers\Site->show()
#6 /home/klevertonkulmann/Documentos/DS_environment/app/maxplural/app/Controllers/Site.php(45): App\Controllers\Site->page()
#7 /home/klevertonkulmann/Documentos/DS_environment/app/maxplural/vendor/codeigniter4/framework/system/CodeIgniter.php(824): App\Controllers\Site->offline()
#8 /home/klevertonkulmann/Documentos/DS_environment/app/maxplural/vendor/codeigniter4/framework/system/CodeIgniter.php(410): CodeIgniter\CodeIgniter->runController()
#9 /home/klevertonkulmann/Documentos/DS_environment/app/maxplural/vendor/codeigniter4/framework/system/CodeIgniter.php(318): CodeIgniter\CodeIgniter->handleRequest()
#10 /home/klevertonkulmann/Documentos/DS_environment/app/maxplural/public/index.php(37): CodeIgniter\CodeIgniter->run()
#11 /home/klevertonkulmann/Documentos/DS_environment/app/maxplural/vendor/codeigniter4/framework/system/Commands/Server/rewrite.php(43): require_once('/home/kleverton...')
#12 {main}
CRITICAL - 2021-11-25 19:49:34 --> Trying to get property 'titulo' of non-object
#0 /home/klevertonkulmann/Documentos/DS_environment/app/maxplural/app/Views/pages/offline.php(4): CodeIgniter\Debug\Exceptions->errorHandler()
#1 /home/klevertonkulmann/Documentos/DS_environment/app/maxplural/vendor/codeigniter4/framework/system/View/View.php(214): include('/home/kleverton...')
#2 /home/klevertonkulmann/Documentos/DS_environment/app/maxplural/vendor/codeigniter4/framework/system/View/View.php(217): CodeIgniter\View\View->CodeIgniter\View\{closure}()
#3 /home/klevertonkulmann/Documentos/DS_environment/app/maxplural/vendor/codeigniter4/framework/system/Common.php(1097): CodeIgniter\View\View->render()
#4 /home/klevertonkulmann/Documentos/DS_environment/app/maxplural/app/Controllers/Site.php(162): view()
#5 /home/klevertonkulmann/Documentos/DS_environment/app/maxplural/app/Controllers/Site.php(155): App\Controllers\Site->show()
#6 /home/klevertonkulmann/Documentos/DS_environment/app/maxplural/app/Controllers/Site.php(45): App\Controllers\Site->page()
#7 /home/klevertonkulmann/Documentos/DS_environment/app/maxplural/vendor/codeigniter4/framework/system/CodeIgniter.php(824): App\Controllers\Site->offline()
#8 /home/klevertonkulmann/Documentos/DS_environment/app/maxplural/vendor/codeigniter4/framework/system/CodeIgniter.php(410): CodeIgniter\CodeIgniter->runController()
#9 /home/klevertonkulmann/Documentos/DS_environment/app/maxplural/vendor/codeigniter4/framework/system/CodeIgniter.php(318): CodeIgniter\CodeIgniter->handleRequest()
#10 /home/klevertonkulmann/Documentos/DS_environment/app/maxplural/public/index.php(37): CodeIgniter\CodeIgniter->run()
#11 /home/klevertonkulmann/Documentos/DS_environment/app/maxplural/vendor/codeigniter4/framework/system/Commands/Server/rewrite.php(43): require_once('/home/kleverton...')
#12 {main}
CRITICAL - 2021-11-25 19:50:39 --> Trying to get property 'titulo' of non-object
#0 /home/klevertonkulmann/Documentos/DS_environment/app/maxplural/app/Views/pages/offline.php(4): CodeIgniter\Debug\Exceptions->errorHandler()
#1 /home/klevertonkulmann/Documentos/DS_environment/app/maxplural/vendor/codeigniter4/framework/system/View/View.php(214): include('/home/kleverton...')
#2 /home/klevertonkulmann/Documentos/DS_environment/app/maxplural/vendor/codeigniter4/framework/system/View/View.php(217): CodeIgniter\View\View->CodeIgniter\View\{closure}()
#3 /home/klevertonkulmann/Documentos/DS_environment/app/maxplural/vendor/codeigniter4/framework/system/Common.php(1097): CodeIgniter\View\View->render()
#4 /home/klevertonkulmann/Documentos/DS_environment/app/maxplural/app/Controllers/Site.php(162): view()
#5 /home/klevertonkulmann/Documentos/DS_environment/app/maxplural/app/Controllers/Site.php(155): App\Controllers\Site->show()
#6 /home/klevertonkulmann/Documentos/DS_environment/app/maxplural/app/Controllers/Site.php(45): App\Controllers\Site->page()
#7 /home/klevertonkulmann/Documentos/DS_environment/app/maxplural/vendor/codeigniter4/framework/system/CodeIgniter.php(824): App\Controllers\Site->offline()
#8 /home/klevertonkulmann/Documentos/DS_environment/app/maxplural/vendor/codeigniter4/framework/system/CodeIgniter.php(410): CodeIgniter\CodeIgniter->runController()
#9 /home/klevertonkulmann/Documentos/DS_environment/app/maxplural/vendor/codeigniter4/framework/system/CodeIgniter.php(318): CodeIgniter\CodeIgniter->handleRequest()
#10 /home/klevertonkulmann/Documentos/DS_environment/app/maxplural/public/index.php(37): CodeIgniter\CodeIgniter->run()
#11 /home/klevertonkulmann/Documentos/DS_environment/app/maxplural/vendor/codeigniter4/framework/system/Commands/Server/rewrite.php(43): require_once('/home/kleverton...')
#12 {main}
CRITICAL - 2021-11-25 19:51:59 --> Undefined variable: b
#0 /home/klevertonkulmann/Documentos/DS_environment/app/maxplural/app/Views/pages/empreendimentos.php(42): CodeIgniter\Debug\Exceptions->errorHandler()
#1 /home/klevertonkulmann/Documentos/DS_environment/app/maxplural/vendor/codeigniter4/framework/system/View/View.php(214): include('/home/kleverton...')
#2 /home/klevertonkulmann/Documentos/DS_environment/app/maxplural/vendor/codeigniter4/framework/system/View/View.php(217): CodeIgniter\View\View->CodeIgniter\View\{closure}()
#3 /home/klevertonkulmann/Documentos/DS_environment/app/maxplural/vendor/codeigniter4/framework/system/Common.php(1097): CodeIgniter\View\View->render()
#4 /home/klevertonkulmann/Documentos/DS_environment/app/maxplural/app/Controllers/Site.php(162): view()
#5 /home/klevertonkulmann/Documentos/DS_environment/app/maxplural/app/Controllers/Site.php(60): App\Controllers\Site->show()
#6 /home/klevertonkulmann/Documentos/DS_environment/app/maxplural/vendor/codeigniter4/framework/system/CodeIgniter.php(824): App\Controllers\Site->empreendimentos()
#7 /home/klevertonkulmann/Documentos/DS_environment/app/maxplural/vendor/codeigniter4/framework/system/CodeIgniter.php(410): CodeIgniter\CodeIgniter->runController()
#8 /home/klevertonkulmann/Documentos/DS_environment/app/maxplural/vendor/codeigniter4/framework/system/CodeIgniter.php(318): CodeIgniter\CodeIgniter->handleRequest()
#9 /home/klevertonkulmann/Documentos/DS_environment/app/maxplural/public/index.php(37): CodeIgniter\CodeIgniter->run()
#10 /home/klevertonkulmann/Documentos/DS_environment/app/maxplural/vendor/codeigniter4/framework/system/Commands/Server/rewrite.php(43): require_once('/home/kleverton...')
#11 {main}
CRITICAL - 2021-11-25 19:53:39 --> Trying to get property 'titulo' of non-object
#0 /home/klevertonkulmann/Documentos/DS_environment/app/maxplural/app/Views/pages/offline.php(4): CodeIgniter\Debug\Exceptions->errorHandler()
#1 /home/klevertonkulmann/Documentos/DS_environment/app/maxplural/vendor/codeigniter4/framework/system/View/View.php(214): include('/home/kleverton...')
#2 /home/klevertonkulmann/Documentos/DS_environment/app/maxplural/vendor/codeigniter4/framework/system/View/View.php(217): CodeIgniter\View\View->CodeIgniter\View\{closure}()
#3 /home/klevertonkulmann/Documentos/DS_environment/app/maxplural/vendor/codeigniter4/framework/system/Common.php(1097): CodeIgniter\View\View->render()
#4 /home/klevertonkulmann/Documentos/DS_environment/app/maxplural/app/Controllers/Site.php(162): view()
#5 /home/klevertonkulmann/Documentos/DS_environment/app/maxplural/app/Controllers/Site.php(155): App\Controllers\Site->show()
#6 /home/klevertonkulmann/Documentos/DS_environment/app/maxplural/app/Controllers/Site.php(45): App\Controllers\Site->page()
#7 /home/klevertonkulmann/Documentos/DS_environment/app/maxplural/vendor/codeigniter4/framework/system/CodeIgniter.php(824): App\Controllers\Site->offline()
#8 /home/klevertonkulmann/Documentos/DS_environment/app/maxplural/vendor/codeigniter4/framework/system/CodeIgniter.php(410): CodeIgniter\CodeIgniter->runController()
#9 /home/klevertonkulmann/Documentos/DS_environment/app/maxplural/vendor/codeigniter4/framework/system/CodeIgniter.php(318): CodeIgniter\CodeIgniter->handleRequest()
#10 /home/klevertonkulmann/Documentos/DS_environment/app/maxplural/public/index.php(37): CodeIgniter\CodeIgniter->run()
#11 /home/klevertonkulmann/Documentos/DS_environment/app/maxplural/vendor/codeigniter4/framework/system/Commands/Server/rewrite.php(43): require_once('/home/kleverton...')
#12 {main}
CRITICAL - 2021-11-25 19:54:37 --> Trying to get property 'titulo' of non-object
#0 /home/klevertonkulmann/Documentos/DS_environment/app/maxplural/app/Views/pages/offline.php(4): CodeIgniter\Debug\Exceptions->errorHandler()
#1 /home/klevertonkulmann/Documentos/DS_environment/app/maxplural/vendor/codeigniter4/framework/system/View/View.php(214): include('/home/kleverton...')
#2 /home/klevertonkulmann/Documentos/DS_environment/app/maxplural/vendor/codeigniter4/framework/system/View/View.php(217): CodeIgniter\View\View->CodeIgniter\View\{closure}()
#3 /home/klevertonkulmann/Documentos/DS_environment/app/maxplural/vendor/codeigniter4/framework/system/Common.php(1097): CodeIgniter\View\View->render()
#4 /home/klevertonkulmann/Documentos/DS_environment/app/maxplural/app/Controllers/Site.php(162): view()
#5 /home/klevertonkulmann/Documentos/DS_environment/app/maxplural/app/Controllers/Site.php(155): App\Controllers\Site->show()
#6 /home/klevertonkulmann/Documentos/DS_environment/app/maxplural/app/Controllers/Site.php(45): App\Controllers\Site->page()
#7 /home/klevertonkulmann/Documentos/DS_environment/app/maxplural/vendor/codeigniter4/framework/system/CodeIgniter.php(824): App\Controllers\Site->offline()
#8 /home/klevertonkulmann/Documentos/DS_environment/app/maxplural/vendor/codeigniter4/framework/system/CodeIgniter.php(410): CodeIgniter\CodeIgniter->runController()
#9 /home/klevertonkulmann/Documentos/DS_environment/app/maxplural/vendor/codeigniter4/framework/system/CodeIgniter.php(318): CodeIgniter\CodeIgniter->handleRequest()
#10 /home/klevertonkulmann/Documentos/DS_environment/app/maxplural/public/index.php(37): CodeIgniter\CodeIgniter->run()
#11 /home/klevertonkulmann/Documentos/DS_environment/app/maxplural/vendor/codeigniter4/framework/system/Commands/Server/rewrite.php(43): require_once('/home/kleverton...')
#12 {main}
CRITICAL - 2021-11-25 20:00:18 --> Trying to get property 'titulo' of non-object
#0 /home/klevertonkulmann/Documentos/DS_environment/app/maxplural/app/Views/pages/offline.php(4): CodeIgniter\Debug\Exceptions->errorHandler()
#1 /home/klevertonkulmann/Documentos/DS_environment/app/maxplural/vendor/codeigniter4/framework/system/View/View.php(214): include('/home/kleverton...')
#2 /home/klevertonkulmann/Documentos/DS_environment/app/maxplural/vendor/codeigniter4/framework/system/View/View.php(217): CodeIgniter\View\View->CodeIgniter\View\{closure}()
#3 /home/klevertonkulmann/Documentos/DS_environment/app/maxplural/vendor/codeigniter4/framework/system/Common.php(1097): CodeIgniter\View\View->render()
#4 /home/klevertonkulmann/Documentos/DS_environment/app/maxplural/app/Controllers/Site.php(162): view()
#5 /home/klevertonkulmann/Documentos/DS_environment/app/maxplural/app/Controllers/Site.php(155): App\Controllers\Site->show()
#6 /home/klevertonkulmann/Documentos/DS_environment/app/maxplural/app/Controllers/Site.php(45): App\Controllers\Site->page()
#7 /home/klevertonkulmann/Documentos/DS_environment/app/maxplural/vendor/codeigniter4/framework/system/CodeIgniter.php(824): App\Controllers\Site->offline()
#8 /home/klevertonkulmann/Documentos/DS_environment/app/maxplural/vendor/codeigniter4/framework/system/CodeIgniter.php(410): CodeIgniter\CodeIgniter->runController()
#9 /home/klevertonkulmann/Documentos/DS_environment/app/maxplural/vendor/codeigniter4/framework/system/CodeIgniter.php(318): CodeIgniter\CodeIgniter->handleRequest()
#10 /home/klevertonkulmann/Documentos/DS_environment/app/maxplural/public/index.php(37): CodeIgniter\CodeIgniter->run()
#11 /home/klevertonkulmann/Documentos/DS_environment/app/maxplural/vendor/codeigniter4/framework/system/Commands/Server/rewrite.php(43): require_once('/home/kleverton...')
#12 {main}
CRITICAL - 2021-11-25 20:05:30 --> Trying to get property 'titulo' of non-object
#0 /home/klevertonkulmann/Documentos/DS_environment/app/maxplural/app/Views/pages/offline.php(4): CodeIgniter\Debug\Exceptions->errorHandler()
#1 /home/klevertonkulmann/Documentos/DS_environment/app/maxplural/vendor/codeigniter4/framework/system/View/View.php(214): include('/home/kleverton...')
#2 /home/klevertonkulmann/Documentos/DS_environment/app/maxplural/vendor/codeigniter4/framework/system/View/View.php(217): CodeIgniter\View\View->CodeIgniter\View\{closure}()
#3 /home/klevertonkulmann/Documentos/DS_environment/app/maxplural/vendor/codeigniter4/framework/system/Common.php(1097): CodeIgniter\View\View->render()
#4 /home/klevertonkulmann/Documentos/DS_environment/app/maxplural/app/Controllers/Site.php(162): view()
#5 /home/klevertonkulmann/Documentos/DS_environment/app/maxplural/app/Controllers/Site.php(155): App\Controllers\Site->show()
#6 /home/klevertonkulmann/Documentos/DS_environment/app/maxplural/app/Controllers/Site.php(45): App\Controllers\Site->page()
#7 /home/klevertonkulmann/Documentos/DS_environment/app/maxplural/vendor/codeigniter4/framework/system/CodeIgniter.php(824): App\Controllers\Site->offline()
#8 /home/klevertonkulmann/Documentos/DS_environment/app/maxplural/vendor/codeigniter4/framework/system/CodeIgniter.php(410): CodeIgniter\CodeIgniter->runController()
#9 /home/klevertonkulmann/Documentos/DS_environment/app/maxplural/vendor/codeigniter4/framework/system/CodeIgniter.php(318): CodeIgniter\CodeIgniter->handleRequest()
#10 /home/klevertonkulmann/Documentos/DS_environment/app/maxplural/public/index.php(37): CodeIgniter\CodeIgniter->run()
#11 /home/klevertonkulmann/Documentos/DS_environment/app/maxplural/vendor/codeigniter4/framework/system/Commands/Server/rewrite.php(43): require_once('/home/kleverton...')
#12 {main}
CRITICAL - 2021-11-25 20:05:52 --> Trying to get property 'titulo' of non-object
#0 /home/klevertonkulmann/Documentos/DS_environment/app/maxplural/app/Views/pages/offline.php(4): CodeIgniter\Debug\Exceptions->errorHandler()
#1 /home/klevertonkulmann/Documentos/DS_environment/app/maxplural/vendor/codeigniter4/framework/system/View/View.php(214): include('/home/kleverton...')
#2 /home/klevertonkulmann/Documentos/DS_environment/app/maxplural/vendor/codeigniter4/framework/system/View/View.php(217): CodeIgniter\View\View->CodeIgniter\View\{closure}()
#3 /home/klevertonkulmann/Documentos/DS_environment/app/maxplural/vendor/codeigniter4/framework/system/Common.php(1097): CodeIgniter\View\View->render()
#4 /home/klevertonkulmann/Documentos/DS_environment/app/maxplural/app/Controllers/Site.php(162): view()
#5 /home/klevertonkulmann/Documentos/DS_environment/app/maxplural/app/Controllers/Site.php(155): App\Controllers\Site->show()
#6 /home/klevertonkulmann/Documentos/DS_environment/app/maxplural/app/Controllers/Site.php(45): App\Controllers\Site->page()
#7 /home/klevertonkulmann/Documentos/DS_environment/app/maxplural/vendor/codeigniter4/framework/system/CodeIgniter.php(824): App\Controllers\Site->offline()
#8 /home/klevertonkulmann/Documentos/DS_environment/app/maxplural/vendor/codeigniter4/framework/system/CodeIgniter.php(410): CodeIgniter\CodeIgniter->runController()
#9 /home/klevertonkulmann/Documentos/DS_environment/app/maxplural/vendor/codeigniter4/framework/system/CodeIgniter.php(318): CodeIgniter\CodeIgniter->handleRequest()
#10 /home/klevertonkulmann/Documentos/DS_environment/app/maxplural/public/index.php(37): CodeIgniter\CodeIgniter->run()
#11 /home/klevertonkulmann/Documentos/DS_environment/app/maxplural/vendor/codeigniter4/framework/system/Commands/Server/rewrite.php(43): require_once('/home/kleverton...')
#12 {main}
CRITICAL - 2021-11-25 20:07:43 --> Trying to get property 'titulo' of non-object
#0 /home/klevertonkulmann/Documentos/DS_environment/app/maxplural/app/Views/pages/offline.php(4): CodeIgniter\Debug\Exceptions->errorHandler()
#1 /home/klevertonkulmann/Documentos/DS_environment/app/maxplural/vendor/codeigniter4/framework/system/View/View.php(214): include('/home/kleverton...')
#2 /home/klevertonkulmann/Documentos/DS_environment/app/maxplural/vendor/codeigniter4/framework/system/View/View.php(217): CodeIgniter\View\View->CodeIgniter\View\{closure}()
#3 /home/klevertonkulmann/Documentos/DS_environment/app/maxplural/vendor/codeigniter4/framework/system/Common.php(1097): CodeIgniter\View\View->render()
#4 /home/klevertonkulmann/Documentos/DS_environment/app/maxplural/app/Controllers/Site.php(162): view()
#5 /home/klevertonkulmann/Documentos/DS_environment/app/maxplural/app/Controllers/Site.php(155): App\Controllers\Site->show()
#6 /home/klevertonkulmann/Documentos/DS_environment/app/maxplural/app/Controllers/Site.php(45): App\Controllers\Site->page()
#7 /home/klevertonkulmann/Documentos/DS_environment/app/maxplural/vendor/codeigniter4/framework/system/CodeIgniter.php(824): App\Controllers\Site->offline()
#8 /home/klevertonkulmann/Documentos/DS_environment/app/maxplural/vendor/codeigniter4/framework/system/CodeIgniter.php(410): CodeIgniter\CodeIgniter->runController()
#9 /home/klevertonkulmann/Documentos/DS_environment/app/maxplural/vendor/codeigniter4/framework/system/CodeIgniter.php(318): CodeIgniter\CodeIgniter->handleRequest()
#10 /home/klevertonkulmann/Documentos/DS_environment/app/maxplural/public/index.php(37): CodeIgniter\CodeIgniter->run()
#11 /home/klevertonkulmann/Documentos/DS_environment/app/maxplural/vendor/codeigniter4/framework/system/Commands/Server/rewrite.php(43): require_once('/home/kleverton...')
#12 {main}
CRITICAL - 2021-11-25 20:10:28 --> Trying to get property 'titulo' of non-object
#0 /home/klevertonkulmann/Documentos/DS_environment/app/maxplural/app/Views/pages/offline.php(4): CodeIgniter\Debug\Exceptions->errorHandler()
#1 /home/klevertonkulmann/Documentos/DS_environment/app/maxplural/vendor/codeigniter4/framework/system/View/View.php(214): include('/home/kleverton...')
#2 /home/klevertonkulmann/Documentos/DS_environment/app/maxplural/vendor/codeigniter4/framework/system/View/View.php(217): CodeIgniter\View\View->CodeIgniter\View\{closure}()
#3 /home/klevertonkulmann/Documentos/DS_environment/app/maxplural/vendor/codeigniter4/framework/system/Common.php(1097): CodeIgniter\View\View->render()
#4 /home/klevertonkulmann/Documentos/DS_environment/app/maxplural/app/Controllers/Site.php(162): view()
#5 /home/klevertonkulmann/Documentos/DS_environment/app/maxplural/app/Controllers/Site.php(155): App\Controllers\Site->show()
#6 /home/klevertonkulmann/Documentos/DS_environment/app/maxplural/app/Controllers/Site.php(45): App\Controllers\Site->page()
#7 /home/klevertonkulmann/Documentos/DS_environment/app/maxplural/vendor/codeigniter4/framework/system/CodeIgniter.php(824): App\Controllers\Site->offline()
#8 /home/klevertonkulmann/Documentos/DS_environment/app/maxplural/vendor/codeigniter4/framework/system/CodeIgniter.php(410): CodeIgniter\CodeIgniter->runController()
#9 /home/klevertonkulmann/Documentos/DS_environment/app/maxplural/vendor/codeigniter4/framework/system/CodeIgniter.php(318): CodeIgniter\CodeIgniter->handleRequest()
#10 /home/klevertonkulmann/Documentos/DS_environment/app/maxplural/public/index.php(37): CodeIgniter\CodeIgniter->run()
#11 /home/klevertonkulmann/Documentos/DS_environment/app/maxplural/vendor/codeigniter4/framework/system/Commands/Server/rewrite.php(43): require_once('/home/kleverton...')
#12 {main}
CRITICAL - 2021-11-25 20:12:30 --> Trying to get property 'titulo' of non-object
#0 /home/klevertonkulmann/Documentos/DS_environment/app/maxplural/app/Views/pages/offline.php(4): CodeIgniter\Debug\Exceptions->errorHandler()
#1 /home/klevertonkulmann/Documentos/DS_environment/app/maxplural/vendor/codeigniter4/framework/system/View/View.php(214): include('/home/kleverton...')
#2 /home/klevertonkulmann/Documentos/DS_environment/app/maxplural/vendor/codeigniter4/framework/system/View/View.php(217): CodeIgniter\View\View->CodeIgniter\View\{closure}()
#3 /home/klevertonkulmann/Documentos/DS_environment/app/maxplural/vendor/codeigniter4/framework/system/Common.php(1097): CodeIgniter\View\View->render()
#4 /home/klevertonkulmann/Documentos/DS_environment/app/maxplural/app/Controllers/Site.php(162): view()
#5 /home/klevertonkulmann/Documentos/DS_environment/app/maxplural/app/Controllers/Site.php(155): App\Controllers\Site->show()
#6 /home/klevertonkulmann/Documentos/DS_environment/app/maxplural/app/Controllers/Site.php(45): App\Controllers\Site->page()
#7 /home/klevertonkulmann/Documentos/DS_environment/app/maxplural/vendor/codeigniter4/framework/system/CodeIgniter.php(824): App\Controllers\Site->offline()
#8 /home/klevertonkulmann/Documentos/DS_environment/app/maxplural/vendor/codeigniter4/framework/system/CodeIgniter.php(410): CodeIgniter\CodeIgniter->runController()
#9 /home/klevertonkulmann/Documentos/DS_environment/app/maxplural/vendor/codeigniter4/framework/system/CodeIgniter.php(318): CodeIgniter\CodeIgniter->handleRequest()
#10 /home/klevertonkulmann/Documentos/DS_environment/app/maxplural/public/index.php(37): CodeIgniter\CodeIgniter->run()
#11 /home/klevertonkulmann/Documentos/DS_environment/app/maxplural/vendor/codeigniter4/framework/system/Commands/Server/rewrite.php(43): require_once('/home/kleverton...')
#12 {main}
CRITICAL - 2021-11-25 20:12:39 --> Trying to get property 'titulo' of non-object
#0 /home/klevertonkulmann/Documentos/DS_environment/app/maxplural/app/Views/pages/offline.php(4): CodeIgniter\Debug\Exceptions->errorHandler()
#1 /home/klevertonkulmann/Documentos/DS_environment/app/maxplural/vendor/codeigniter4/framework/system/View/View.php(214): include('/home/kleverton...')
#2 /home/klevertonkulmann/Documentos/DS_environment/app/maxplural/vendor/codeigniter4/framework/system/View/View.php(217): CodeIgniter\View\View->CodeIgniter\View\{closure}()
#3 /home/klevertonkulmann/Documentos/DS_environment/app/maxplural/vendor/codeigniter4/framework/system/Common.php(1097): CodeIgniter\View\View->render()
#4 /home/klevertonkulmann/Documentos/DS_environment/app/maxplural/app/Controllers/Site.php(162): view()
#5 /home/klevertonkulmann/Documentos/DS_environment/app/maxplural/app/Controllers/Site.php(155): App\Controllers\Site->show()
#6 /home/klevertonkulmann/Documentos/DS_environment/app/maxplural/app/Controllers/Site.php(45): App\Controllers\Site->page()
#7 /home/klevertonkulmann/Documentos/DS_environment/app/maxplural/vendor/codeigniter4/framework/system/CodeIgniter.php(824): App\Controllers\Site->offline()
#8 /home/klevertonkulmann/Documentos/DS_environment/app/maxplural/vendor/codeigniter4/framework/system/CodeIgniter.php(410): CodeIgniter\CodeIgniter->runController()
#9 /home/klevertonkulmann/Documentos/DS_environment/app/maxplural/vendor/codeigniter4/framework/system/CodeIgniter.php(318): CodeIgniter\CodeIgniter->handleRequest()
#10 /home/klevertonkulmann/Documentos/DS_environment/app/maxplural/public/index.php(37): CodeIgniter\CodeIgniter->run()
#11 /home/klevertonkulmann/Documentos/DS_environment/app/maxplural/vendor/codeigniter4/framework/system/Commands/Server/rewrite.php(43): require_once('/home/kleverton...')
#12 {main}
CRITICAL - 2021-11-25 20:16:34 --> Trying to get property 'titulo' of non-object
#0 /home/klevertonkulmann/Documentos/DS_environment/app/maxplural/app/Views/pages/offline.php(4): CodeIgniter\Debug\Exceptions->errorHandler()
#1 /home/klevertonkulmann/Documentos/DS_environment/app/maxplural/vendor/codeigniter4/framework/system/View/View.php(214): include('/home/kleverton...')
#2 /home/klevertonkulmann/Documentos/DS_environment/app/maxplural/vendor/codeigniter4/framework/system/View/View.php(217): CodeIgniter\View\View->CodeIgniter\View\{closure}()
#3 /home/klevertonkulmann/Documentos/DS_environment/app/maxplural/vendor/codeigniter4/framework/system/Common.php(1097): CodeIgniter\View\View->render()
#4 /home/klevertonkulmann/Documentos/DS_environment/app/maxplural/app/Controllers/Site.php(162): view()
#5 /home/klevertonkulmann/Documentos/DS_environment/app/maxplural/app/Controllers/Site.php(155): App\Controllers\Site->show()
#6 /home/klevertonkulmann/Documentos/DS_environment/app/maxplural/app/Controllers/Site.php(45): App\Controllers\Site->page()
#7 /home/klevertonkulmann/Documentos/DS_environment/app/maxplural/vendor/codeigniter4/framework/system/CodeIgniter.php(824): App\Controllers\Site->offline()
#8 /home/klevertonkulmann/Documentos/DS_environment/app/maxplural/vendor/codeigniter4/framework/system/CodeIgniter.php(410): CodeIgniter\CodeIgniter->runController()
#9 /home/klevertonkulmann/Documentos/DS_environment/app/maxplural/vendor/codeigniter4/framework/system/CodeIgniter.php(318): CodeIgniter\CodeIgniter->handleRequest()
#10 /home/klevertonkulmann/Documentos/DS_environment/app/maxplural/public/index.php(37): CodeIgniter\CodeIgniter->run()
#11 /home/klevertonkulmann/Documentos/DS_environment/app/maxplural/vendor/codeigniter4/framework/system/Commands/Server/rewrite.php(43): require_once('/home/kleverton...')
#12 {main}
CRITICAL - 2021-11-25 20:17:55 --> Trying to get property 'titulo' of non-object
#0 /home/klevertonkulmann/Documentos/DS_environment/app/maxplural/app/Views/pages/offline.php(4): CodeIgniter\Debug\Exceptions->errorHandler()
#1 /home/klevertonkulmann/Documentos/DS_environment/app/maxplural/vendor/codeigniter4/framework/system/View/View.php(214): include('/home/kleverton...')
#2 /home/klevertonkulmann/Documentos/DS_environment/app/maxplural/vendor/codeigniter4/framework/system/View/View.php(217): CodeIgniter\View\View->CodeIgniter\View\{closure}()
#3 /home/klevertonkulmann/Documentos/DS_environment/app/maxplural/vendor/codeigniter4/framework/system/Common.php(1097): CodeIgniter\View\View->render()
#4 /home/klevertonkulmann/Documentos/DS_environment/app/maxplural/app/Controllers/Site.php(162): view()
#5 /home/klevertonkulmann/Documentos/DS_environment/app/maxplural/app/Controllers/Site.php(155): App\Controllers\Site->show()
#6 /home/klevertonkulmann/Documentos/DS_environment/app/maxplural/app/Controllers/Site.php(45): App\Controllers\Site->page()
#7 /home/klevertonkulmann/Documentos/DS_environment/app/maxplural/vendor/codeigniter4/framework/system/CodeIgniter.php(824): App\Controllers\Site->offline()
#8 /home/klevertonkulmann/Documentos/DS_environment/app/maxplural/vendor/codeigniter4/framework/system/CodeIgniter.php(410): CodeIgniter\CodeIgniter->runController()
#9 /home/klevertonkulmann/Documentos/DS_environment/app/maxplural/vendor/codeigniter4/framework/system/CodeIgniter.php(318): CodeIgniter\CodeIgniter->handleRequest()
#10 /home/klevertonkulmann/Documentos/DS_environment/app/maxplural/public/index.php(37): CodeIgniter\CodeIgniter->run()
#11 /home/klevertonkulmann/Documentos/DS_environment/app/maxplural/vendor/codeigniter4/framework/system/Commands/Server/rewrite.php(43): require_once('/home/kleverton...')
#12 {main}
CRITICAL - 2021-11-25 20:18:58 --> Trying to get property 'titulo' of non-object
#0 /home/klevertonkulmann/Documentos/DS_environment/app/maxplural/app/Views/pages/offline.php(4): CodeIgniter\Debug\Exceptions->errorHandler()
#1 /home/klevertonkulmann/Documentos/DS_environment/app/maxplural/vendor/codeigniter4/framework/system/View/View.php(214): include('/home/kleverton...')
#2 /home/klevertonkulmann/Documentos/DS_environment/app/maxplural/vendor/codeigniter4/framework/system/View/View.php(217): CodeIgniter\View\View->CodeIgniter\View\{closure}()
#3 /home/klevertonkulmann/Documentos/DS_environment/app/maxplural/vendor/codeigniter4/framework/system/Common.php(1097): CodeIgniter\View\View->render()
#4 /home/klevertonkulmann/Documentos/DS_environment/app/maxplural/app/Controllers/Site.php(162): view()
#5 /home/klevertonkulmann/Documentos/DS_environment/app/maxplural/app/Controllers/Site.php(155): App\Controllers\Site->show()
#6 /home/klevertonkulmann/Documentos/DS_environment/app/maxplural/app/Controllers/Site.php(45): App\Controllers\Site->page()
#7 /home/klevertonkulmann/Documentos/DS_environment/app/maxplural/vendor/codeigniter4/framework/system/CodeIgniter.php(824): App\Controllers\Site->offline()
#8 /home/klevertonkulmann/Documentos/DS_environment/app/maxplural/vendor/codeigniter4/framework/system/CodeIgniter.php(410): CodeIgniter\CodeIgniter->runController()
#9 /home/klevertonkulmann/Documentos/DS_environment/app/maxplural/vendor/codeigniter4/framework/system/CodeIgniter.php(318): CodeIgniter\CodeIgniter->handleRequest()
#10 /home/klevertonkulmann/Documentos/DS_environment/app/maxplural/public/index.php(37): CodeIgniter\CodeIgniter->run()
#11 /home/klevertonkulmann/Documentos/DS_environment/app/maxplural/vendor/codeigniter4/framework/system/Commands/Server/rewrite.php(43): require_once('/home/kleverton...')
#12 {main}
CRITICAL - 2021-11-25 20:19:07 --> Trying to get property 'titulo' of non-object
#0 /home/klevertonkulmann/Documentos/DS_environment/app/maxplural/app/Views/pages/offline.php(4): CodeIgniter\Debug\Exceptions->errorHandler()
#1 /home/klevertonkulmann/Documentos/DS_environment/app/maxplural/vendor/codeigniter4/framework/system/View/View.php(214): include('/home/kleverton...')
#2 /home/klevertonkulmann/Documentos/DS_environment/app/maxplural/vendor/codeigniter4/framework/system/View/View.php(217): CodeIgniter\View\View->CodeIgniter\View\{closure}()
#3 /home/klevertonkulmann/Documentos/DS_environment/app/maxplural/vendor/codeigniter4/framework/system/Common.php(1097): CodeIgniter\View\View->render()
#4 /home/klevertonkulmann/Documentos/DS_environment/app/maxplural/app/Controllers/Site.php(162): view()
#5 /home/klevertonkulmann/Documentos/DS_environment/app/maxplural/app/Controllers/Site.php(155): App\Controllers\Site->show()
#6 /home/klevertonkulmann/Documentos/DS_environment/app/maxplural/app/Controllers/Site.php(45): App\Controllers\Site->page()
#7 /home/klevertonkulmann/Documentos/DS_environment/app/maxplural/vendor/codeigniter4/framework/system/CodeIgniter.php(824): App\Controllers\Site->offline()
#8 /home/klevertonkulmann/Documentos/DS_environment/app/maxplural/vendor/codeigniter4/framework/system/CodeIgniter.php(410): CodeIgniter\CodeIgniter->runController()
#9 /home/klevertonkulmann/Documentos/DS_environment/app/maxplural/vendor/codeigniter4/framework/system/CodeIgniter.php(318): CodeIgniter\CodeIgniter->handleRequest()
#10 /home/klevertonkulmann/Documentos/DS_environment/app/maxplural/public/index.php(37): CodeIgniter\CodeIgniter->run()
#11 /home/klevertonkulmann/Documentos/DS_environment/app/maxplural/vendor/codeigniter4/framework/system/Commands/Server/rewrite.php(43): require_once('/home/kleverton...')
#12 {main}
CRITICAL - 2021-11-25 20:20:05 --> Trying to get property 'titulo' of non-object
#0 /home/klevertonkulmann/Documentos/DS_environment/app/maxplural/app/Views/pages/offline.php(4): CodeIgniter\Debug\Exceptions->errorHandler()
#1 /home/klevertonkulmann/Documentos/DS_environment/app/maxplural/vendor/codeigniter4/framework/system/View/View.php(214): include('/home/kleverton...')
#2 /home/klevertonkulmann/Documentos/DS_environment/app/maxplural/vendor/codeigniter4/framework/system/View/View.php(217): CodeIgniter\View\View->CodeIgniter\View\{closure}()
#3 /home/klevertonkulmann/Documentos/DS_environment/app/maxplural/vendor/codeigniter4/framework/system/Common.php(1097): CodeIgniter\View\View->render()
#4 /home/klevertonkulmann/Documentos/DS_environment/app/maxplural/app/Controllers/Site.php(162): view()
#5 /home/klevertonkulmann/Documentos/DS_environment/app/maxplural/app/Controllers/Site.php(155): App\Controllers\Site->show()
#6 /home/klevertonkulmann/Documentos/DS_environment/app/maxplural/app/Controllers/Site.php(45): App\Controllers\Site->page()
#7 /home/klevertonkulmann/Documentos/DS_environment/app/maxplural/vendor/codeigniter4/framework/system/CodeIgniter.php(824): App\Controllers\Site->offline()
#8 /home/klevertonkulmann/Documentos/DS_environment/app/maxplural/vendor/codeigniter4/framework/system/CodeIgniter.php(410): CodeIgniter\CodeIgniter->runController()
#9 /home/klevertonkulmann/Documentos/DS_environment/app/maxplural/vendor/codeigniter4/framework/system/CodeIgniter.php(318): CodeIgniter\CodeIgniter->handleRequest()
#10 /home/klevertonkulmann/Documentos/DS_environment/app/maxplural/public/index.php(37): CodeIgniter\CodeIgniter->run()
#11 /home/klevertonkulmann/Documentos/DS_environment/app/maxplural/vendor/codeigniter4/framework/system/Commands/Server/rewrite.php(43): require_once('/home/kleverton...')
#12 {main}
CRITICAL - 2021-11-25 20:20:21 --> Trying to get property 'titulo' of non-object
#0 /home/klevertonkulmann/Documentos/DS_environment/app/maxplural/app/Views/pages/offline.php(4): CodeIgniter\Debug\Exceptions->errorHandler()
#1 /home/klevertonkulmann/Documentos/DS_environment/app/maxplural/vendor/codeigniter4/framework/system/View/View.php(214): include('/home/kleverton...')
#2 /home/klevertonkulmann/Documentos/DS_environment/app/maxplural/vendor/codeigniter4/framework/system/View/View.php(217): CodeIgniter\View\View->CodeIgniter\View\{closure}()
#3 /home/klevertonkulmann/Documentos/DS_environment/app/maxplural/vendor/codeigniter4/framework/system/Common.php(1097): CodeIgniter\View\View->render()
#4 /home/klevertonkulmann/Documentos/DS_environment/app/maxplural/app/Controllers/Site.php(162): view()
#5 /home/klevertonkulmann/Documentos/DS_environment/app/maxplural/app/Controllers/Site.php(155): App\Controllers\Site->show()
#6 /home/klevertonkulmann/Documentos/DS_environment/app/maxplural/app/Controllers/Site.php(45): App\Controllers\Site->page()
#7 /home/klevertonkulmann/Documentos/DS_environment/app/maxplural/vendor/codeigniter4/framework/system/CodeIgniter.php(824): App\Controllers\Site->offline()
#8 /home/klevertonkulmann/Documentos/DS_environment/app/maxplural/vendor/codeigniter4/framework/system/CodeIgniter.php(410): CodeIgniter\CodeIgniter->runController()
#9 /home/klevertonkulmann/Documentos/DS_environment/app/maxplural/vendor/codeigniter4/framework/system/CodeIgniter.php(318): CodeIgniter\CodeIgniter->handleRequest()
#10 /home/klevertonkulmann/Documentos/DS_environment/app/maxplural/public/index.php(37): CodeIgniter\CodeIgniter->run()
#11 /home/klevertonkulmann/Documentos/DS_environment/app/maxplural/vendor/codeigniter4/framework/system/Commands/Server/rewrite.php(43): require_once('/home/kleverton...')
#12 {main}
CRITICAL - 2021-11-25 20:20:35 --> Trying to get property 'titulo' of non-object
#0 /home/klevertonkulmann/Documentos/DS_environment/app/maxplural/app/Views/pages/offline.php(4): CodeIgniter\Debug\Exceptions->errorHandler()
#1 /home/klevertonkulmann/Documentos/DS_environment/app/maxplural/vendor/codeigniter4/framework/system/View/View.php(214): include('/home/kleverton...')
#2 /home/klevertonkulmann/Documentos/DS_environment/app/maxplural/vendor/codeigniter4/framework/system/View/View.php(217): CodeIgniter\View\View->CodeIgniter\View\{closure}()
#3 /home/klevertonkulmann/Documentos/DS_environment/app/maxplural/vendor/codeigniter4/framework/system/Common.php(1097): CodeIgniter\View\View->render()
#4 /home/klevertonkulmann/Documentos/DS_environment/app/maxplural/app/Controllers/Site.php(162): view()
#5 /home/klevertonkulmann/Documentos/DS_environment/app/maxplural/app/Controllers/Site.php(155): App\Controllers\Site->show()
#6 /home/klevertonkulmann/Documentos/DS_environment/app/maxplural/app/Controllers/Site.php(45): App\Controllers\Site->page()
#7 /home/klevertonkulmann/Documentos/DS_environment/app/maxplural/vendor/codeigniter4/framework/system/CodeIgniter.php(824): App\Controllers\Site->offline()
#8 /home/klevertonkulmann/Documentos/DS_environment/app/maxplural/vendor/codeigniter4/framework/system/CodeIgniter.php(410): CodeIgniter\CodeIgniter->runController()
#9 /home/klevertonkulmann/Documentos/DS_environment/app/maxplural/vendor/codeigniter4/framework/system/CodeIgniter.php(318): CodeIgniter\CodeIgniter->handleRequest()
#10 /home/klevertonkulmann/Documentos/DS_environment/app/maxplural/public/index.php(37): CodeIgniter\CodeIgniter->run()
#11 /home/klevertonkulmann/Documentos/DS_environment/app/maxplural/vendor/codeigniter4/framework/system/Commands/Server/rewrite.php(43): require_once('/home/kleverton...')
#12 {main}
CRITICAL - 2021-11-25 20:22:00 --> Trying to get property 'titulo' of non-object
#0 /home/klevertonkulmann/Documentos/DS_environment/app/maxplural/app/Views/pages/offline.php(4): CodeIgniter\Debug\Exceptions->errorHandler()
#1 /home/klevertonkulmann/Documentos/DS_environment/app/maxplural/vendor/codeigniter4/framework/system/View/View.php(214): include('/home/kleverton...')
#2 /home/klevertonkulmann/Documentos/DS_environment/app/maxplural/vendor/codeigniter4/framework/system/View/View.php(217): CodeIgniter\View\View->CodeIgniter\View\{closure}()
#3 /home/klevertonkulmann/Documentos/DS_environment/app/maxplural/vendor/codeigniter4/framework/system/Common.php(1097): CodeIgniter\View\View->render()
#4 /home/klevertonkulmann/Documentos/DS_environment/app/maxplural/app/Controllers/Site.php(162): view()
#5 /home/klevertonkulmann/Documentos/DS_environment/app/maxplural/app/Controllers/Site.php(155): App\Controllers\Site->show()
#6 /home/klevertonkulmann/Documentos/DS_environment/app/maxplural/app/Controllers/Site.php(45): App\Controllers\Site->page()
#7 /home/klevertonkulmann/Documentos/DS_environment/app/maxplural/vendor/codeigniter4/framework/system/CodeIgniter.php(824): App\Controllers\Site->offline()
#8 /home/klevertonkulmann/Documentos/DS_environment/app/maxplural/vendor/codeigniter4/framework/system/CodeIgniter.php(410): CodeIgniter\CodeIgniter->runController()
#9 /home/klevertonkulmann/Documentos/DS_environment/app/maxplural/vendor/codeigniter4/framework/system/CodeIgniter.php(318): CodeIgniter\CodeIgniter->handleRequest()
#10 /home/klevertonkulmann/Documentos/DS_environment/app/maxplural/public/index.php(37): CodeIgniter\CodeIgniter->run()
#11 /home/klevertonkulmann/Documentos/DS_environment/app/maxplural/vendor/codeigniter4/framework/system/Commands/Server/rewrite.php(43): require_once('/home/kleverton...')
#12 {main}
CRITICAL - 2021-11-25 20:24:57 --> Trying to get property 'titulo' of non-object
#0 /home/klevertonkulmann/Documentos/DS_environment/app/maxplural/app/Views/pages/offline.php(4): CodeIgniter\Debug\Exceptions->errorHandler()
#1 /home/klevertonkulmann/Documentos/DS_environment/app/maxplural/vendor/codeigniter4/framework/system/View/View.php(214): include('/home/kleverton...')
#2 /home/klevertonkulmann/Documentos/DS_environment/app/maxplural/vendor/codeigniter4/framework/system/View/View.php(217): CodeIgniter\View\View->CodeIgniter\View\{closure}()
#3 /home/klevertonkulmann/Documentos/DS_environment/app/maxplural/vendor/codeigniter4/framework/system/Common.php(1097): CodeIgniter\View\View->render()
#4 /home/klevertonkulmann/Documentos/DS_environment/app/maxplural/app/Controllers/Site.php(162): view()
#5 /home/klevertonkulmann/Documentos/DS_environment/app/maxplural/app/Controllers/Site.php(155): App\Controllers\Site->show()
#6 /home/klevertonkulmann/Documentos/DS_environment/app/maxplural/app/Controllers/Site.php(45): App\Controllers\Site->page()
#7 /home/klevertonkulmann/Documentos/DS_environment/app/maxplural/vendor/codeigniter4/framework/system/CodeIgniter.php(824): App\Controllers\Site->offline()
#8 /home/klevertonkulmann/Documentos/DS_environment/app/maxplural/vendor/codeigniter4/framework/system/CodeIgniter.php(410): CodeIgniter\CodeIgniter->runController()
#9 /home/klevertonkulmann/Documentos/DS_environment/app/maxplural/vendor/codeigniter4/framework/system/CodeIgniter.php(318): CodeIgniter\CodeIgniter->handleRequest()
#10 /home/klevertonkulmann/Documentos/DS_environment/app/maxplural/public/index.php(37): CodeIgniter\CodeIgniter->run()
#11 /home/klevertonkulmann/Documentos/DS_environment/app/maxplural/vendor/codeigniter4/framework/system/Commands/Server/rewrite.php(43): require_once('/home/kleverton...')
#12 {main}
CRITICAL - 2021-11-25 20:27:07 --> Trying to get property 'titulo' of non-object
#0 /home/klevertonkulmann/Documentos/DS_environment/app/maxplural/app/Views/pages/offline.php(4): CodeIgniter\Debug\Exceptions->errorHandler()
#1 /home/klevertonkulmann/Documentos/DS_environment/app/maxplural/vendor/codeigniter4/framework/system/View/View.php(214): include('/home/kleverton...')
#2 /home/klevertonkulmann/Documentos/DS_environment/app/maxplural/vendor/codeigniter4/framework/system/View/View.php(217): CodeIgniter\View\View->CodeIgniter\View\{closure}()
#3 /home/klevertonkulmann/Documentos/DS_environment/app/maxplural/vendor/codeigniter4/framework/system/Common.php(1097): CodeIgniter\View\View->render()
#4 /home/klevertonkulmann/Documentos/DS_environment/app/maxplural/app/Controllers/Site.php(162): view()
#5 /home/klevertonkulmann/Documentos/DS_environment/app/maxplural/app/Controllers/Site.php(155): App\Controllers\Site->show()
#6 /home/klevertonkulmann/Documentos/DS_environment/app/maxplural/app/Controllers/Site.php(45): App\Controllers\Site->page()
#7 /home/klevertonkulmann/Documentos/DS_environment/app/maxplural/vendor/codeigniter4/framework/system/CodeIgniter.php(824): App\Controllers\Site->offline()
#8 /home/klevertonkulmann/Documentos/DS_environment/app/maxplural/vendor/codeigniter4/framework/system/CodeIgniter.php(410): CodeIgniter\CodeIgniter->runController()
#9 /home/klevertonkulmann/Documentos/DS_environment/app/maxplural/vendor/codeigniter4/framework/system/CodeIgniter.php(318): CodeIgniter\CodeIgniter->handleRequest()
#10 /home/klevertonkulmann/Documentos/DS_environment/app/maxplural/public/index.php(37): CodeIgniter\CodeIgniter->run()
#11 /home/klevertonkulmann/Documentos/DS_environment/app/maxplural/vendor/codeigniter4/framework/system/Commands/Server/rewrite.php(43): require_once('/home/kleverton...')
#12 {main}
CRITICAL - 2021-11-25 20:31:07 --> Trying to get property 'titulo' of non-object
#0 /home/klevertonkulmann/Documentos/DS_environment/app/maxplural/app/Views/pages/offline.php(4): CodeIgniter\Debug\Exceptions->errorHandler()
#1 /home/klevertonkulmann/Documentos/DS_environment/app/maxplural/vendor/codeigniter4/framework/system/View/View.php(214): include('/home/kleverton...')
#2 /home/klevertonkulmann/Documentos/DS_environment/app/maxplural/vendor/codeigniter4/framework/system/View/View.php(217): CodeIgniter\View\View->CodeIgniter\View\{closure}()
#3 /home/klevertonkulmann/Documentos/DS_environment/app/maxplural/vendor/codeigniter4/framework/system/Common.php(1097): CodeIgniter\View\View->render()
#4 /home/klevertonkulmann/Documentos/DS_environment/app/maxplural/app/Controllers/Site.php(162): view()
#5 /home/klevertonkulmann/Documentos/DS_environment/app/maxplural/app/Controllers/Site.php(155): App\Controllers\Site->show()
#6 /home/klevertonkulmann/Documentos/DS_environment/app/maxplural/app/Controllers/Site.php(45): App\Controllers\Site->page()
#7 /home/klevertonkulmann/Documentos/DS_environment/app/maxplural/vendor/codeigniter4/framework/system/CodeIgniter.php(824): App\Controllers\Site->offline()
#8 /home/klevertonkulmann/Documentos/DS_environment/app/maxplural/vendor/codeigniter4/framework/system/CodeIgniter.php(410): CodeIgniter\CodeIgniter->runController()
#9 /home/klevertonkulmann/Documentos/DS_environment/app/maxplural/vendor/codeigniter4/framework/system/CodeIgniter.php(318): CodeIgniter\CodeIgniter->handleRequest()
#10 /home/klevertonkulmann/Documentos/DS_environment/app/maxplural/public/index.php(37): CodeIgniter\CodeIgniter->run()
#11 /home/klevertonkulmann/Documentos/DS_environment/app/maxplural/vendor/codeigniter4/framework/system/Commands/Server/rewrite.php(43): require_once('/home/kleverton...')
#12 {main}
CRITICAL - 2021-11-25 20:33:32 --> Trying to get property 'titulo' of non-object
#0 /home/klevertonkulmann/Documentos/DS_environment/app/maxplural/app/Views/pages/offline.php(4): CodeIgniter\Debug\Exceptions->errorHandler()
#1 /home/klevertonkulmann/Documentos/DS_environment/app/maxplural/vendor/codeigniter4/framework/system/View/View.php(214): include('/home/kleverton...')
#2 /home/klevertonkulmann/Documentos/DS_environment/app/maxplural/vendor/codeigniter4/framework/system/View/View.php(217): CodeIgniter\View\View->CodeIgniter\View\{closure}()
#3 /home/klevertonkulmann/Documentos/DS_environment/app/maxplural/vendor/codeigniter4/framework/system/Common.php(1097): CodeIgniter\View\View->render()
#4 /home/klevertonkulmann/Documentos/DS_environment/app/maxplural/app/Controllers/Site.php(162): view()
#5 /home/klevertonkulmann/Documentos/DS_environment/app/maxplural/app/Controllers/Site.php(155): App\Controllers\Site->show()
#6 /home/klevertonkulmann/Documentos/DS_environment/app/maxplural/app/Controllers/Site.php(45): App\Controllers\Site->page()
#7 /home/klevertonkulmann/Documentos/DS_environment/app/maxplural/vendor/codeigniter4/framework/system/CodeIgniter.php(824): App\Controllers\Site->offline()
#8 /home/klevertonkulmann/Documentos/DS_environment/app/maxplural/vendor/codeigniter4/framework/system/CodeIgniter.php(410): CodeIgniter\CodeIgniter->runController()
#9 /home/klevertonkulmann/Documentos/DS_environment/app/maxplural/vendor/codeigniter4/framework/system/CodeIgniter.php(318): CodeIgniter\CodeIgniter->handleRequest()
#10 /home/klevertonkulmann/Documentos/DS_environment/app/maxplural/public/index.php(37): CodeIgniter\CodeIgniter->run()
#11 /home/klevertonkulmann/Documentos/DS_environment/app/maxplural/vendor/codeigniter4/framework/system/Commands/Server/rewrite.php(43): require_once('/home/kleverton...')
#12 {main}
