ERROR - 2021-11-17 05:52:59 --> Table 'contato' already exists
ERROR - 2021-11-17 05:53:42 --> Unknown column 'prioridade' in 'field list'
ERROR - 2021-11-17 05:53:42 --> Unknown column 'prioridade' in 'field list'
ERROR - 2021-11-17 05:53:42 --> Unknown column 'acabamentos' in 'field list'
ERROR - 2021-11-17 05:53:42 --> Unknown column 'prioridade' in 'field list'
ERROR - 2021-11-17 05:53:42 --> Unknown column 'prioridade' in 'field list'
ERROR - 2021-11-17 05:53:42 --> Unknown column 'acabamentos' in 'field list'
ERROR - 2021-11-17 05:53:42 --> Unknown column 'prioridade' in 'field list'
ERROR - 2021-11-17 05:53:42 --> Unknown column 'prioridade' in 'field list'
ERROR - 2021-11-17 05:53:42 --> Unknown column 'acabamentos' in 'field list'
ERROR - 2021-11-17 05:53:42 --> Unknown column 'prioridade' in 'field list'
ERROR - 2021-11-17 05:53:42 --> Unknown column 'prioridade' in 'field list'
ERROR - 2021-11-17 05:53:42 --> Unknown column 'acabamentos' in 'field list'
ERROR - 2021-11-17 05:53:42 --> Unknown column 'prioridade' in 'field list'
ERROR - 2021-11-17 05:53:42 --> Unknown column 'prioridade' in 'field list'
ERROR - 2021-11-17 05:53:42 --> Unknown column 'acabamentos' in 'field list'
ERROR - 2021-11-17 05:54:35 --> Duplicate entry 'Max Beach' for key 'titulo'
ERROR - 2021-11-17 05:54:35 --> Duplicate entry 'Max Compact' for key 'titulo'
ERROR - 2021-11-17 05:54:35 --> Duplicate entry 'Max Concept' for key 'titulo'
ERROR - 2021-11-17 05:54:35 --> Duplicate entry 'Programa Brasileiro da Qualidade e Produtividade do Habitat' for key 'titulo'
ERROR - 2021-11-17 05:54:35 --> Duplicate entry 'Great Place to Work' for key 'titulo'
ERROR - 2021-11-17 05:54:35 --> Duplicate entry 'Localização privilegiada' for key 'titulo'
ERROR - 2021-11-17 05:54:35 --> Duplicate entry 'Fechadura<br />digital' for key 'titulo'
ERROR - 2021-11-17 05:54:35 --> Duplicate entry 'Lavanderia compartilhada' for key 'titulo'
ERROR - 2021-11-17 05:54:35 --> Duplicate entry 'Pet Place' for key 'titulo'
ERROR - 2021-11-17 05:54:35 --> Duplicate entry 'Bicicletário' for key 'titulo'
ERROR - 2021-11-17 05:54:35 --> Duplicate entry 'Academia' for key 'titulo'
ERROR - 2021-11-17 05:54:35 --> Duplicate entry 'Piscina<br />panorâmica' for key 'titulo'
ERROR - 2021-11-17 05:54:35 --> Duplicate entry 'Work zone' for key 'titulo'
ERROR - 2021-11-17 05:54:35 --> Duplicate entry 'Áreas gourmet individuais' for key 'titulo'
ERROR - 2021-11-17 05:54:35 --> Unknown column 'prioridade' in 'field list'
ERROR - 2021-11-17 05:54:35 --> Unknown column 'prioridade' in 'field list'
ERROR - 2021-11-17 05:54:35 --> Unknown column 'acabamentos' in 'field list'
ERROR - 2021-11-17 05:54:35 --> Unknown column 'prioridade' in 'field list'
ERROR - 2021-11-17 05:54:35 --> Unknown column 'prioridade' in 'field list'
ERROR - 2021-11-17 05:54:35 --> Unknown column 'acabamentos' in 'field list'
ERROR - 2021-11-17 05:54:35 --> Unknown column 'prioridade' in 'field list'
ERROR - 2021-11-17 05:54:35 --> Unknown column 'prioridade' in 'field list'
ERROR - 2021-11-17 05:54:35 --> Unknown column 'acabamentos' in 'field list'
ERROR - 2021-11-17 05:54:35 --> Unknown column 'prioridade' in 'field list'
ERROR - 2021-11-17 05:54:35 --> Unknown column 'prioridade' in 'field list'
ERROR - 2021-11-17 05:54:35 --> Unknown column 'acabamentos' in 'field list'
ERROR - 2021-11-17 05:54:35 --> Unknown column 'prioridade' in 'field list'
ERROR - 2021-11-17 05:54:35 --> Unknown column 'prioridade' in 'field list'
ERROR - 2021-11-17 05:54:35 --> Unknown column 'acabamentos' in 'field list'
ERROR - 2021-11-17 05:54:52 --> Unknown column 'prioridade' in 'field list'
ERROR - 2021-11-17 05:54:52 --> Unknown column 'prioridade' in 'field list'
ERROR - 2021-11-17 05:54:52 --> Unknown column 'acabamentos' in 'field list'
ERROR - 2021-11-17 05:54:52 --> Unknown column 'prioridade' in 'field list'
ERROR - 2021-11-17 05:54:52 --> Unknown column 'prioridade' in 'field list'
ERROR - 2021-11-17 05:54:52 --> Unknown column 'acabamentos' in 'field list'
ERROR - 2021-11-17 05:54:52 --> Unknown column 'prioridade' in 'field list'
ERROR - 2021-11-17 05:54:52 --> Unknown column 'prioridade' in 'field list'
ERROR - 2021-11-17 05:54:52 --> Unknown column 'acabamentos' in 'field list'
ERROR - 2021-11-17 05:54:52 --> Unknown column 'prioridade' in 'field list'
ERROR - 2021-11-17 05:54:52 --> Unknown column 'prioridade' in 'field list'
ERROR - 2021-11-17 05:54:52 --> Unknown column 'acabamentos' in 'field list'
ERROR - 2021-11-17 05:54:52 --> Unknown column 'prioridade' in 'field list'
ERROR - 2021-11-17 05:54:52 --> Unknown column 'prioridade' in 'field list'
ERROR - 2021-11-17 05:54:52 --> Unknown column 'acabamentos' in 'field list'
ERROR - 2021-11-17 05:55:21 --> Unknown column 'prioridade' in 'field list'
ERROR - 2021-11-17 05:55:21 --> Unknown column 'prioridade' in 'field list'
ERROR - 2021-11-17 05:55:21 --> Unknown column 'prioridade' in 'field list'
ERROR - 2021-11-17 05:55:21 --> Unknown column 'prioridade' in 'field list'
ERROR - 2021-11-17 05:55:21 --> Unknown column 'prioridade' in 'field list'
ERROR - 2021-11-17 05:55:21 --> Unknown column 'prioridade' in 'field list'
ERROR - 2021-11-17 05:55:21 --> Unknown column 'prioridade' in 'field list'
ERROR - 2021-11-17 05:55:21 --> Unknown column 'prioridade' in 'field list'
ERROR - 2021-11-17 05:55:21 --> Unknown column 'prioridade' in 'field list'
ERROR - 2021-11-17 05:55:21 --> Unknown column 'prioridade' in 'field list'
ERROR - 2021-11-17 05:56:48 --> Unknown column 'prioridade' in 'field list'
ERROR - 2021-11-17 05:56:48 --> Unknown column 'prioridade' in 'field list'
ERROR - 2021-11-17 05:56:48 --> Unknown column 'prioridade' in 'field list'
ERROR - 2021-11-17 05:56:48 --> Unknown column 'prioridade' in 'field list'
ERROR - 2021-11-17 05:56:48 --> Unknown column 'prioridade' in 'field list'
ERROR - 2021-11-17 05:56:48 --> Unknown column 'prioridade' in 'field list'
ERROR - 2021-11-17 05:56:48 --> Unknown column 'prioridade' in 'field list'
ERROR - 2021-11-17 05:56:48 --> Unknown column 'prioridade' in 'field list'
ERROR - 2021-11-17 05:56:48 --> Unknown column 'prioridade' in 'field list'
ERROR - 2021-11-17 05:56:48 --> Unknown column 'prioridade' in 'field list'
ERROR - 2021-11-17 05:56:48 --> Unknown column 'prioridade' in 'field list'
ERROR - 2021-11-17 05:56:48 --> Unknown column 'prioridade' in 'field list'
CRITICAL - 2021-11-17 06:36:41 --> Call to undefined method CodeIgniter\Pager\Pager::hasPreviousPage()
#0 /Users/gihovani.demetrio/www/maxplural/vendor/codeigniter4/framework/system/View/View.php(214): include()
#1 /Users/gihovani.demetrio/www/maxplural/vendor/codeigniter4/framework/system/View/View.php(217): CodeIgniter\View\View->CodeIgniter\View\{closure}()
#2 /Users/gihovani.demetrio/www/maxplural/vendor/codeigniter4/framework/system/Common.php(1097): CodeIgniter\View\View->render('pages/noticias', Array, true)
#3 /Users/gihovani.demetrio/www/maxplural/app/Controllers/Site.php(64): view('pages/noticias', Array)
#4 /Users/gihovani.demetrio/www/maxplural/app/Controllers/Site.php(53): App\Controllers\Site->show('noticias', Array)
#5 /Users/gihovani.demetrio/www/maxplural/vendor/codeigniter4/framework/system/CodeIgniter.php(824): App\Controllers\Site->noticias()
#6 /Users/gihovani.demetrio/www/maxplural/vendor/codeigniter4/framework/system/CodeIgniter.php(410): CodeIgniter\CodeIgniter->runController(Object(App\Controllers\Site))
#7 /Users/gihovani.demetrio/www/maxplural/vendor/codeigniter4/framework/system/CodeIgniter.php(318): CodeIgniter\CodeIgniter->handleRequest(NULL, Object(Config\Cache), false)
#8 /Users/gihovani.demetrio/www/maxplural/public/index.php(37): CodeIgniter\CodeIgniter->run()
#9 /Users/gihovani.demetrio/www/maxplural/vendor/codeigniter4/framework/system/Commands/Server/rewrite.php(43): require_once('/Users/gihovani...')
#10 {main}
CRITICAL - 2021-11-17 06:37:15 --> Call to undefined method CodeIgniter\Pager\Pager::hasPreviousPage()
#0 /Users/gihovani.demetrio/www/maxplural/vendor/codeigniter4/framework/system/View/View.php(214): include()
#1 /Users/gihovani.demetrio/www/maxplural/vendor/codeigniter4/framework/system/View/View.php(217): CodeIgniter\View\View->CodeIgniter\View\{closure}()
#2 /Users/gihovani.demetrio/www/maxplural/vendor/codeigniter4/framework/system/Common.php(1097): CodeIgniter\View\View->render('pages/noticias', Array, true)
#3 /Users/gihovani.demetrio/www/maxplural/app/Controllers/Site.php(65): view('pages/noticias', Array)
#4 /Users/gihovani.demetrio/www/maxplural/app/Controllers/Site.php(54): App\Controllers\Site->show('noticias', Array)
#5 /Users/gihovani.demetrio/www/maxplural/vendor/codeigniter4/framework/system/CodeIgniter.php(824): App\Controllers\Site->noticias()
#6 /Users/gihovani.demetrio/www/maxplural/vendor/codeigniter4/framework/system/CodeIgniter.php(410): CodeIgniter\CodeIgniter->runController(Object(App\Controllers\Site))
#7 /Users/gihovani.demetrio/www/maxplural/vendor/codeigniter4/framework/system/CodeIgniter.php(318): CodeIgniter\CodeIgniter->handleRequest(NULL, Object(Config\Cache), false)
#8 /Users/gihovani.demetrio/www/maxplural/public/index.php(37): CodeIgniter\CodeIgniter->run()
#9 /Users/gihovani.demetrio/www/maxplural/vendor/codeigniter4/framework/system/Commands/Server/rewrite.php(43): require_once('/Users/gihovani...')
#10 {main}
CRITICAL - 2021-11-17 06:43:40 --> Invalid argument supplied for foreach()
#0 /Users/gihovani.demetrio/www/maxplural/app/Views/pages/noticias.php(69): CodeIgniter\Debug\Exceptions->errorHandler(2, 'Invalid argumen...', '/Users/gihovani...', 69, Array)
#1 /Users/gihovani.demetrio/www/maxplural/vendor/codeigniter4/framework/system/View/View.php(214): include('/Users/gihovani...')
#2 /Users/gihovani.demetrio/www/maxplural/vendor/codeigniter4/framework/system/View/View.php(217): CodeIgniter\View\View->CodeIgniter\View\{closure}()
#3 /Users/gihovani.demetrio/www/maxplural/vendor/codeigniter4/framework/system/Common.php(1097): CodeIgniter\View\View->render('pages/noticias', Array, true)
#4 /Users/gihovani.demetrio/www/maxplural/app/Controllers/Site.php(64): view('pages/noticias', Array)
#5 /Users/gihovani.demetrio/www/maxplural/app/Controllers/Site.php(53): App\Controllers\Site->show('noticias', Array)
#6 /Users/gihovani.demetrio/www/maxplural/vendor/codeigniter4/framework/system/CodeIgniter.php(824): App\Controllers\Site->noticias()
#7 /Users/gihovani.demetrio/www/maxplural/vendor/codeigniter4/framework/system/CodeIgniter.php(410): CodeIgniter\CodeIgniter->runController(Object(App\Controllers\Site))
#8 /Users/gihovani.demetrio/www/maxplural/vendor/codeigniter4/framework/system/CodeIgniter.php(318): CodeIgniter\CodeIgniter->handleRequest(NULL, Object(Config\Cache), false)
#9 /Users/gihovani.demetrio/www/maxplural/public/index.php(37): CodeIgniter\CodeIgniter->run()
#10 /Users/gihovani.demetrio/www/maxplural/vendor/codeigniter4/framework/system/Commands/Server/rewrite.php(43): require_once('/Users/gihovani...')
#11 {main}
CRITICAL - 2021-11-17 06:51:50 --> Call to undefined method CodeIgniter\Pager\Pager::setSurroundCount()
#0 /Users/gihovani.demetrio/www/maxplural/vendor/codeigniter4/framework/system/View/View.php(214): include()
#1 /Users/gihovani.demetrio/www/maxplural/vendor/codeigniter4/framework/system/View/View.php(217): CodeIgniter\View\View->CodeIgniter\View\{closure}()
#2 /Users/gihovani.demetrio/www/maxplural/vendor/codeigniter4/framework/system/Common.php(1097): CodeIgniter\View\View->render('pages/noticias', Array, true)
#3 /Users/gihovani.demetrio/www/maxplural/app/Controllers/Site.php(64): view('pages/noticias', Array)
#4 /Users/gihovani.demetrio/www/maxplural/app/Controllers/Site.php(53): App\Controllers\Site->show('noticias', Array)
#5 /Users/gihovani.demetrio/www/maxplural/vendor/codeigniter4/framework/system/CodeIgniter.php(824): App\Controllers\Site->noticias()
#6 /Users/gihovani.demetrio/www/maxplural/vendor/codeigniter4/framework/system/CodeIgniter.php(410): CodeIgniter\CodeIgniter->runController(Object(App\Controllers\Site))
#7 /Users/gihovani.demetrio/www/maxplural/vendor/codeigniter4/framework/system/CodeIgniter.php(318): CodeIgniter\CodeIgniter->handleRequest(NULL, Object(Config\Cache), false)
#8 /Users/gihovani.demetrio/www/maxplural/public/index.php(37): CodeIgniter\CodeIgniter->run()
#9 /Users/gihovani.demetrio/www/maxplural/vendor/codeigniter4/framework/system/Commands/Server/rewrite.php(43): require_once('/Users/gihovani...')
#10 {main}
CRITICAL - 2021-11-17 07:03:54 --> Arquivo inválido: Views\default_simple.php
#0 /Users/gihovani.demetrio/www/maxplural/vendor/codeigniter4/framework/system/View/View.php(198): CodeIgniter\Exceptions\FrameworkException::forInvalidFile('Views\\default_s...')
#1 /Users/gihovani.demetrio/www/maxplural/vendor/codeigniter4/framework/system/Pager/Pager.php(125): CodeIgniter\View\View->render('Views\\default_s...')
#2 /Users/gihovani.demetrio/www/maxplural/vendor/codeigniter4/framework/system/Pager/Pager.php(93): CodeIgniter\Pager\Pager->displayLinks('default', 'default_simple')
#3 /Users/gihovani.demetrio/www/maxplural/app/Views/pages/noticias.php(70): CodeIgniter\Pager\Pager->simpleLinks()
#4 /Users/gihovani.demetrio/www/maxplural/vendor/codeigniter4/framework/system/View/View.php(214): include('/Users/gihovani...')
#5 /Users/gihovani.demetrio/www/maxplural/vendor/codeigniter4/framework/system/View/View.php(217): CodeIgniter\View\View->CodeIgniter\View\{closure}()
#6 /Users/gihovani.demetrio/www/maxplural/vendor/codeigniter4/framework/system/Common.php(1097): CodeIgniter\View\View->render('pages/noticias', Array, true)
#7 /Users/gihovani.demetrio/www/maxplural/app/Controllers/Site.php(64): view('pages/noticias', Array)
#8 /Users/gihovani.demetrio/www/maxplural/app/Controllers/Site.php(53): App\Controllers\Site->show('noticias', Array)
#9 /Users/gihovani.demetrio/www/maxplural/vendor/codeigniter4/framework/system/CodeIgniter.php(824): App\Controllers\Site->noticias()
#10 /Users/gihovani.demetrio/www/maxplural/vendor/codeigniter4/framework/system/CodeIgniter.php(410): CodeIgniter\CodeIgniter->runController(Object(App\Controllers\Site))
#11 /Users/gihovani.demetrio/www/maxplural/vendor/codeigniter4/framework/system/CodeIgniter.php(318): CodeIgniter\CodeIgniter->handleRequest(NULL, Object(Config\Cache), false)
#12 /Users/gihovani.demetrio/www/maxplural/public/index.php(37): CodeIgniter\CodeIgniter->run()
#13 /Users/gihovani.demetrio/www/maxplural/vendor/codeigniter4/framework/system/Commands/Server/rewrite.php(43): require_once('/Users/gihovani...')
#14 {main}
CRITICAL - 2021-11-17 07:15:47 --> Call to undefined function form_open()
#0 /Users/gihovani.demetrio/www/maxplural/vendor/codeigniter4/framework/system/View/View.php(214): include()
#1 /Users/gihovani.demetrio/www/maxplural/vendor/codeigniter4/framework/system/View/View.php(217): CodeIgniter\View\View->CodeIgniter\View\{closure}()
#2 /Users/gihovani.demetrio/www/maxplural/vendor/codeigniter4/framework/system/Common.php(1097): CodeIgniter\View\View->render('pages/noticias', Array, true)
#3 /Users/gihovani.demetrio/www/maxplural/app/Controllers/Site.php(73): view('pages/noticias', Array)
#4 /Users/gihovani.demetrio/www/maxplural/app/Controllers/Site.php(62): App\Controllers\Site->show('noticias', Array)
#5 /Users/gihovani.demetrio/www/maxplural/vendor/codeigniter4/framework/system/CodeIgniter.php(824): App\Controllers\Site->noticias()
#6 /Users/gihovani.demetrio/www/maxplural/vendor/codeigniter4/framework/system/CodeIgniter.php(410): CodeIgniter\CodeIgniter->runController(Object(App\Controllers\Site))
#7 /Users/gihovani.demetrio/www/maxplural/vendor/codeigniter4/framework/system/CodeIgniter.php(318): CodeIgniter\CodeIgniter->handleRequest(NULL, Object(Config\Cache), false)
#8 /Users/gihovani.demetrio/www/maxplural/public/index.php(37): CodeIgniter\CodeIgniter->run()
#9 /Users/gihovani.demetrio/www/maxplural/vendor/codeigniter4/framework/system/Commands/Server/rewrite.php(43): require_once('/Users/gihovani...')
#10 {main}
ERROR - 2021-11-17 07:58:27 --> Table 'maxplural.empreendimento' doesn't exist
CRITICAL - 2021-11-17 07:58:27 --> Table 'maxplural.empreendimento' doesn't exist
#0 /Users/gihovani.demetrio/www/maxplural/vendor/codeigniter4/framework/system/Database/MySQLi/Connection.php(292): mysqli->query('SELECT COUNT(*)...', 0)
#1 /Users/gihovani.demetrio/www/maxplural/vendor/codeigniter4/framework/system/Database/BaseConnection.php(670): CodeIgniter\Database\MySQLi\Connection->execute('SELECT COUNT(*)...')
#2 /Users/gihovani.demetrio/www/maxplural/vendor/codeigniter4/framework/system/Database/BaseConnection.php(598): CodeIgniter\Database\BaseConnection->simpleQuery('SELECT COUNT(*)...')
#3 /Users/gihovani.demetrio/www/maxplural/vendor/codeigniter4/framework/system/Database/BaseBuilder.php(1527): CodeIgniter\Database\BaseConnection->query('SELECT COUNT(*)...', Array, false)
#4 /Users/gihovani.demetrio/www/maxplural/vendor/codeigniter4/framework/system/Model.php(509): CodeIgniter\Database\BaseBuilder->countAllResults(false)
#5 /Users/gihovani.demetrio/www/maxplural/vendor/codeigniter4/framework/system/BaseModel.php(1084): CodeIgniter\Model->countAllResults(false)
#6 /Users/gihovani.demetrio/www/maxplural/app/Controllers/Site.php(14): CodeIgniter\BaseModel->paginate(4)
#7 /Users/gihovani.demetrio/www/maxplural/vendor/codeigniter4/framework/system/CodeIgniter.php(824): App\Controllers\Site->index()
#8 /Users/gihovani.demetrio/www/maxplural/vendor/codeigniter4/framework/system/CodeIgniter.php(410): CodeIgniter\CodeIgniter->runController(Object(App\Controllers\Site))
#9 /Users/gihovani.demetrio/www/maxplural/vendor/codeigniter4/framework/system/CodeIgniter.php(318): CodeIgniter\CodeIgniter->handleRequest(NULL, Object(Config\Cache), false)
#10 /Users/gihovani.demetrio/www/maxplural/public/index.php(37): CodeIgniter\CodeIgniter->run()
#11 /Users/gihovani.demetrio/www/maxplural/vendor/codeigniter4/framework/system/Commands/Server/rewrite.php(43): require_once('/Users/gihovani...')
#12 {main}
ERROR - 2021-11-17 07:58:29 --> Table 'maxplural.empreendimento' doesn't exist
CRITICAL - 2021-11-17 07:58:29 --> Table 'maxplural.empreendimento' doesn't exist
#0 /Users/gihovani.demetrio/www/maxplural/vendor/codeigniter4/framework/system/Database/MySQLi/Connection.php(292): mysqli->query('SELECT COUNT(*)...', 0)
#1 /Users/gihovani.demetrio/www/maxplural/vendor/codeigniter4/framework/system/Database/BaseConnection.php(670): CodeIgniter\Database\MySQLi\Connection->execute('SELECT COUNT(*)...')
#2 /Users/gihovani.demetrio/www/maxplural/vendor/codeigniter4/framework/system/Database/BaseConnection.php(598): CodeIgniter\Database\BaseConnection->simpleQuery('SELECT COUNT(*)...')
#3 /Users/gihovani.demetrio/www/maxplural/vendor/codeigniter4/framework/system/Database/BaseBuilder.php(1527): CodeIgniter\Database\BaseConnection->query('SELECT COUNT(*)...', Array, false)
#4 /Users/gihovani.demetrio/www/maxplural/vendor/codeigniter4/framework/system/Model.php(509): CodeIgniter\Database\BaseBuilder->countAllResults(false)
#5 /Users/gihovani.demetrio/www/maxplural/vendor/codeigniter4/framework/system/BaseModel.php(1084): CodeIgniter\Model->countAllResults(false)
#6 /Users/gihovani.demetrio/www/maxplural/app/Controllers/Site.php(14): CodeIgniter\BaseModel->paginate(4)
#7 /Users/gihovani.demetrio/www/maxplural/vendor/codeigniter4/framework/system/CodeIgniter.php(824): App\Controllers\Site->index()
#8 /Users/gihovani.demetrio/www/maxplural/vendor/codeigniter4/framework/system/CodeIgniter.php(410): CodeIgniter\CodeIgniter->runController(Object(App\Controllers\Site))
#9 /Users/gihovani.demetrio/www/maxplural/vendor/codeigniter4/framework/system/CodeIgniter.php(318): CodeIgniter\CodeIgniter->handleRequest(NULL, Object(Config\Cache), false)
#10 /Users/gihovani.demetrio/www/maxplural/public/index.php(37): CodeIgniter\CodeIgniter->run()
#11 /Users/gihovani.demetrio/www/maxplural/vendor/codeigniter4/framework/system/Commands/Server/rewrite.php(43): require_once('/Users/gihovani...')
#12 {main}
ERROR - 2021-11-17 07:59:48 --> Duplicate entry 'Max Beach' for key 'titulo'
ERROR - 2021-11-17 07:59:48 --> Duplicate entry 'Max Compact' for key 'titulo'
ERROR - 2021-11-17 07:59:48 --> Duplicate entry 'Max Concept' for key 'titulo'
ERROR - 2021-11-17 07:59:48 --> Duplicate entry 'Programa Brasileiro da Qualidade e Produtividade do Habitat' for key 'titulo'
ERROR - 2021-11-17 07:59:48 --> Duplicate entry 'Great Place to Work' for key 'titulo'
ERROR - 2021-11-17 07:59:48 --> Duplicate entry 'Localização privilegiada' for key 'titulo'
ERROR - 2021-11-17 07:59:48 --> Duplicate entry 'Fechadura<br />digital' for key 'titulo'
ERROR - 2021-11-17 07:59:48 --> Duplicate entry 'Lavanderia compartilhada' for key 'titulo'
ERROR - 2021-11-17 07:59:48 --> Duplicate entry 'Pet Place' for key 'titulo'
ERROR - 2021-11-17 07:59:48 --> Duplicate entry 'Bicicletário' for key 'titulo'
ERROR - 2021-11-17 07:59:48 --> Duplicate entry 'Academia' for key 'titulo'
ERROR - 2021-11-17 07:59:48 --> Duplicate entry 'Piscina<br />panorâmica' for key 'titulo'
ERROR - 2021-11-17 07:59:48 --> Duplicate entry 'Work zone' for key 'titulo'
ERROR - 2021-11-17 07:59:48 --> Duplicate entry 'Áreas gourmet individuais' for key 'titulo'
ERROR - 2021-11-17 08:00:49 --> Duplicate entry 'Max Beach' for key 'titulo'
ERROR - 2021-11-17 08:00:49 --> Duplicate entry 'Max Compact' for key 'titulo'
ERROR - 2021-11-17 08:00:49 --> Duplicate entry 'Max Concept' for key 'titulo'
ERROR - 2021-11-17 08:00:49 --> Duplicate entry 'Programa Brasileiro da Qualidade e Produtividade do Habitat' for key 'titulo'
ERROR - 2021-11-17 08:00:49 --> Duplicate entry 'Great Place to Work' for key 'titulo'
ERROR - 2021-11-17 08:00:49 --> Duplicate entry 'Localização privilegiada' for key 'titulo'
ERROR - 2021-11-17 08:00:49 --> Duplicate entry 'Fechadura<br />digital' for key 'titulo'
ERROR - 2021-11-17 08:00:49 --> Duplicate entry 'Lavanderia compartilhada' for key 'titulo'
ERROR - 2021-11-17 08:00:49 --> Duplicate entry 'Pet Place' for key 'titulo'
ERROR - 2021-11-17 08:00:49 --> Duplicate entry 'Bicicletário' for key 'titulo'
ERROR - 2021-11-17 08:00:49 --> Duplicate entry 'Academia' for key 'titulo'
ERROR - 2021-11-17 08:00:49 --> Duplicate entry 'Piscina<br />panorâmica' for key 'titulo'
ERROR - 2021-11-17 08:00:49 --> Duplicate entry 'Work zone' for key 'titulo'
ERROR - 2021-11-17 08:00:49 --> Duplicate entry 'Áreas gourmet individuais' for key 'titulo'
CRITICAL - 2021-11-17 08:54:13 --> Argument 1 passed to App\Models\EmpreendimentoModel::getCaracteristica() must be of the type int, string given, called in /Users/gihovani.demetrio/www/maxplural/app/Models/EmpreendimentoModel.php on line 100
#0 /Users/gihovani.demetrio/www/maxplural/app/Models/EmpreendimentoModel.php(100): App\Models\EmpreendimentoModel->getCaracteristica('2')
#1 /Users/gihovani.demetrio/www/maxplural/app/Controllers/Site.php(61): App\Models\EmpreendimentoModel->getBySlug('max-derby-boule...')
#2 /Users/gihovani.demetrio/www/maxplural/vendor/codeigniter4/framework/system/CodeIgniter.php(824): App\Controllers\Site->empreendimento('max-derby-boule...')
#3 /Users/gihovani.demetrio/www/maxplural/vendor/codeigniter4/framework/system/CodeIgniter.php(410): CodeIgniter\CodeIgniter->runController(Object(App\Controllers\Site))
#4 /Users/gihovani.demetrio/www/maxplural/vendor/codeigniter4/framework/system/CodeIgniter.php(318): CodeIgniter\CodeIgniter->handleRequest(NULL, Object(Config\Cache), false)
#5 /Users/gihovani.demetrio/www/maxplural/public/index.php(37): CodeIgniter\CodeIgniter->run()
#6 /Users/gihovani.demetrio/www/maxplural/vendor/codeigniter4/framework/system/Commands/Server/rewrite.php(43): require_once('/Users/gihovani...')
#7 {main}
CRITICAL - 2021-11-17 08:54:41 --> Undefined property: mysqli::$tipo
#0 /Users/gihovani.demetrio/www/maxplural/app/Models/EmpreendimentoModel.php(152): CodeIgniter\Debug\Exceptions->errorHandler(8, 'Undefined prope...', '/Users/gihovani...', 152, Array)
#1 /Users/gihovani.demetrio/www/maxplural/app/Models/EmpreendimentoModel.php(102): App\Models\EmpreendimentoModel->getImagens(2)
#2 /Users/gihovani.demetrio/www/maxplural/app/Controllers/Site.php(61): App\Models\EmpreendimentoModel->getBySlug('max-derby-boule...')
#3 /Users/gihovani.demetrio/www/maxplural/vendor/codeigniter4/framework/system/CodeIgniter.php(824): App\Controllers\Site->empreendimento('max-derby-boule...')
#4 /Users/gihovani.demetrio/www/maxplural/vendor/codeigniter4/framework/system/CodeIgniter.php(410): CodeIgniter\CodeIgniter->runController(Object(App\Controllers\Site))
#5 /Users/gihovani.demetrio/www/maxplural/vendor/codeigniter4/framework/system/CodeIgniter.php(318): CodeIgniter\CodeIgniter->handleRequest(NULL, Object(Config\Cache), false)
#6 /Users/gihovani.demetrio/www/maxplural/public/index.php(37): CodeIgniter\CodeIgniter->run()
#7 /Users/gihovani.demetrio/www/maxplural/vendor/codeigniter4/framework/system/Commands/Server/rewrite.php(43): require_once('/Users/gihovani...')
#8 {main}
CRITICAL - 2021-11-17 08:55:04 --> Undefined property: mysqli::$tipo
#0 /Users/gihovani.demetrio/www/maxplural/app/Models/EmpreendimentoModel.php(152): CodeIgniter\Debug\Exceptions->errorHandler(8, 'Undefined prope...', '/Users/gihovani...', 152, Array)
#1 /Users/gihovani.demetrio/www/maxplural/app/Models/EmpreendimentoModel.php(102): App\Models\EmpreendimentoModel->getImagens(2)
#2 /Users/gihovani.demetrio/www/maxplural/app/Controllers/Site.php(61): App\Models\EmpreendimentoModel->getBySlug('max-derby-boule...')
#3 /Users/gihovani.demetrio/www/maxplural/vendor/codeigniter4/framework/system/CodeIgniter.php(824): App\Controllers\Site->empreendimento('max-derby-boule...')
#4 /Users/gihovani.demetrio/www/maxplural/vendor/codeigniter4/framework/system/CodeIgniter.php(410): CodeIgniter\CodeIgniter->runController(Object(App\Controllers\Site))
#5 /Users/gihovani.demetrio/www/maxplural/vendor/codeigniter4/framework/system/CodeIgniter.php(318): CodeIgniter\CodeIgniter->handleRequest(NULL, Object(Config\Cache), false)
#6 /Users/gihovani.demetrio/www/maxplural/public/index.php(37): CodeIgniter\CodeIgniter->run()
#7 /Users/gihovani.demetrio/www/maxplural/vendor/codeigniter4/framework/system/Commands/Server/rewrite.php(43): require_once('/Users/gihovani...')
#8 {main}
CRITICAL - 2021-11-17 08:57:06 --> count(): Parameter must be an array or an object that implements Countable
#0 /Users/gihovani.demetrio/www/maxplural/app/Views/pages/empreendimento.php(109): CodeIgniter\Debug\Exceptions->errorHandler(2, 'count(): Parame...', '/Users/gihovani...', 109, Array)
#1 /Users/gihovani.demetrio/www/maxplural/vendor/codeigniter4/framework/system/View/View.php(214): include('/Users/gihovani...')
#2 /Users/gihovani.demetrio/www/maxplural/vendor/codeigniter4/framework/system/View/View.php(217): CodeIgniter\View\View->CodeIgniter\View\{closure}()
#3 /Users/gihovani.demetrio/www/maxplural/vendor/codeigniter4/framework/system/Common.php(1097): CodeIgniter\View\View->render('pages/empreendi...', Array, true)
#4 /Users/gihovani.demetrio/www/maxplural/app/Controllers/Site.php(91): view('pages/empreendi...', Array)
#5 /Users/gihovani.demetrio/www/maxplural/app/Controllers/Site.php(67): App\Controllers\Site->show('empreendimento', Array)
#6 /Users/gihovani.demetrio/www/maxplural/vendor/codeigniter4/framework/system/CodeIgniter.php(824): App\Controllers\Site->empreendimento('max-derby-boule...')
#7 /Users/gihovani.demetrio/www/maxplural/vendor/codeigniter4/framework/system/CodeIgniter.php(410): CodeIgniter\CodeIgniter->runController(Object(App\Controllers\Site))
#8 /Users/gihovani.demetrio/www/maxplural/vendor/codeigniter4/framework/system/CodeIgniter.php(318): CodeIgniter\CodeIgniter->handleRequest(NULL, Object(Config\Cache), false)
#9 /Users/gihovani.demetrio/www/maxplural/public/index.php(37): CodeIgniter\CodeIgniter->run()
#10 /Users/gihovani.demetrio/www/maxplural/vendor/codeigniter4/framework/system/Commands/Server/rewrite.php(43): require_once('/Users/gihovani...')
#11 {main}
CRITICAL - 2021-11-17 08:57:45 --> Undefined property: stdClass::$terraplenagem
#0 /Users/gihovani.demetrio/www/maxplural/app/Views/pages/empreendimento.php(164): CodeIgniter\Debug\Exceptions->errorHandler(8, 'Undefined prope...', '/Users/gihovani...', 164, Array)
#1 /Users/gihovani.demetrio/www/maxplural/vendor/codeigniter4/framework/system/View/View.php(214): include('/Users/gihovani...')
#2 /Users/gihovani.demetrio/www/maxplural/vendor/codeigniter4/framework/system/View/View.php(217): CodeIgniter\View\View->CodeIgniter\View\{closure}()
#3 /Users/gihovani.demetrio/www/maxplural/vendor/codeigniter4/framework/system/Common.php(1097): CodeIgniter\View\View->render('pages/empreendi...', Array, true)
#4 /Users/gihovani.demetrio/www/maxplural/app/Controllers/Site.php(91): view('pages/empreendi...', Array)
#5 /Users/gihovani.demetrio/www/maxplural/app/Controllers/Site.php(67): App\Controllers\Site->show('empreendimento', Array)
#6 /Users/gihovani.demetrio/www/maxplural/vendor/codeigniter4/framework/system/CodeIgniter.php(824): App\Controllers\Site->empreendimento('max-derby-boule...')
#7 /Users/gihovani.demetrio/www/maxplural/vendor/codeigniter4/framework/system/CodeIgniter.php(410): CodeIgniter\CodeIgniter->runController(Object(App\Controllers\Site))
#8 /Users/gihovani.demetrio/www/maxplural/vendor/codeigniter4/framework/system/CodeIgniter.php(318): CodeIgniter\CodeIgniter->handleRequest(NULL, Object(Config\Cache), false)
#9 /Users/gihovani.demetrio/www/maxplural/public/index.php(37): CodeIgniter\CodeIgniter->run()
#10 /Users/gihovani.demetrio/www/maxplural/vendor/codeigniter4/framework/system/Commands/Server/rewrite.php(43): require_once('/Users/gihovani...')
#11 {main}
CRITICAL - 2021-11-17 09:36:57 --> Call to undefined function form_open()
#0 /Users/gihovani.demetrio/www/maxplural/vendor/codeigniter4/framework/system/View/View.php(214): include()
#1 /Users/gihovani.demetrio/www/maxplural/vendor/codeigniter4/framework/system/View/View.php(217): CodeIgniter\View\View->CodeIgniter\View\{closure}()
#2 /Users/gihovani.demetrio/www/maxplural/vendor/codeigniter4/framework/system/View/View.php(230): CodeIgniter\View\View->render('layout/site', Array, true)
#3 /Users/gihovani.demetrio/www/maxplural/vendor/codeigniter4/framework/system/Common.php(1097): CodeIgniter\View\View->render('pages/home', Array, true)
#4 /Users/gihovani.demetrio/www/maxplural/app/Controllers/Site.php(91): view('pages/home', Array)
#5 /Users/gihovani.demetrio/www/maxplural/app/Controllers/Site.php(17): App\Controllers\Site->show('home', Array)
#6 /Users/gihovani.demetrio/www/maxplural/vendor/codeigniter4/framework/system/CodeIgniter.php(824): App\Controllers\Site->index()
#7 /Users/gihovani.demetrio/www/maxplural/vendor/codeigniter4/framework/system/CodeIgniter.php(410): CodeIgniter\CodeIgniter->runController(Object(App\Controllers\Site))
#8 /Users/gihovani.demetrio/www/maxplural/vendor/codeigniter4/framework/system/CodeIgniter.php(318): CodeIgniter\CodeIgniter->handleRequest(NULL, Object(Config\Cache), false)
#9 /Users/gihovani.demetrio/www/maxplural/public/index.php(37): CodeIgniter\CodeIgniter->run()
#10 /Users/gihovani.demetrio/www/maxplural/vendor/codeigniter4/framework/system/Commands/Server/rewrite.php(43): require_once('/Users/gihovani...')
#11 {main}
