CRITICAL - 2021-11-15 14:29:56 --> valid_admin não é uma regra válida.
#0 /Users/gihovani.demetrio/www/maxplural/vendor/codeigniter4/framework/system/Validation/Validation.php(285): CodeIgniter\Validation\Exceptions\ValidationException::forRuleNotFound('valid_admin')
#1 /Users/gihovani.demetrio/www/maxplural/vendor/codeigniter4/framework/system/Validation/Validation.php(151): CodeIgniter\Validation\Validation->processRules('senha', 'senha', 'senha', Array, Array)
#2 /Users/gihovani.demetrio/www/maxplural/vendor/codeigniter4/framework/system/Controller.php(160): CodeIgniter\Validation\Validation->run()
#3 /Users/gihovani.demetrio/www/maxplural/app/Controllers/Admin/Index.php(23): CodeIgniter\Controller->validate(Array)
#4 /Users/gihovani.demetrio/www/maxplural/vendor/codeigniter4/framework/system/CodeIgniter.php(824): App\Controllers\Admin\Index->index()
#5 /Users/gihovani.demetrio/www/maxplural/vendor/codeigniter4/framework/system/CodeIgniter.php(410): CodeIgniter\CodeIgniter->runController(Object(App\Controllers\Admin\Index))
#6 /Users/gihovani.demetrio/www/maxplural/vendor/codeigniter4/framework/system/CodeIgniter.php(318): CodeIgniter\CodeIgniter->handleRequest(NULL, Object(Config\Cache), false)
#7 /Users/gihovani.demetrio/www/maxplural/public/index.php(37): CodeIgniter\CodeIgniter->run()
#8 /Users/gihovani.demetrio/www/maxplural/vendor/codeigniter4/framework/system/Commands/Server/rewrite.php(43): require_once('/Users/gihovani...')
#9 {main}
CRITICAL - 2021-11-15 15:03:31 --> Array to string conversion
#0 [internal function]: CodeIgniter\Debug\Exceptions->errorHandler(8, 'Array to string...', '/Users/gihovani...', 43, Array)
#1 /Users/gihovani.demetrio/www/maxplural/app/Views/layout/site.php(43): sprintf('<span class="th...', Array)
#2 /Users/gihovani.demetrio/www/maxplural/vendor/codeigniter4/framework/system/View/View.php(214): include('/Users/gihovani...')
#3 /Users/gihovani.demetrio/www/maxplural/vendor/codeigniter4/framework/system/View/View.php(217): CodeIgniter\View\View->CodeIgniter\View\{closure}()
#4 /Users/gihovani.demetrio/www/maxplural/vendor/codeigniter4/framework/system/View/View.php(230): CodeIgniter\View\View->render('layout/site', Array, true)
#5 /Users/gihovani.demetrio/www/maxplural/vendor/codeigniter4/framework/system/Common.php(1097): CodeIgniter\View\View->render('pages/home', Array, true)
#6 /Users/gihovani.demetrio/www/maxplural/app/Controllers/Site.php(54): view('pages/home', Array)
#7 /Users/gihovani.demetrio/www/maxplural/app/Controllers/Site.php(12): App\Controllers\Site->show('home')
#8 /Users/gihovani.demetrio/www/maxplural/vendor/codeigniter4/framework/system/CodeIgniter.php(824): App\Controllers\Site->index()
#9 /Users/gihovani.demetrio/www/maxplural/vendor/codeigniter4/framework/system/CodeIgniter.php(410): CodeIgniter\CodeIgniter->runController(Object(App\Controllers\Site))
#10 /Users/gihovani.demetrio/www/maxplural/vendor/codeigniter4/framework/system/CodeIgniter.php(318): CodeIgniter\CodeIgniter->handleRequest(NULL, Object(Config\Cache), false)
#11 /Users/gihovani.demetrio/www/maxplural/public/index.php(37): CodeIgniter\CodeIgniter->run()
#12 /Users/gihovani.demetrio/www/maxplural/vendor/codeigniter4/framework/system/Commands/Server/rewrite.php(43): require_once('/Users/gihovani...')
#13 {main}
CRITICAL - 2021-11-15 15:10:08 --> Rota  não foi encontrada ao fazer o roteamento-reverso.
#0 /Users/gihovani.demetrio/www/maxplural/vendor/codeigniter4/framework/system/HTTP/RedirectResponse.php(56): CodeIgniter\HTTP\Exceptions\HTTPException::forInvalidRedirectRoute('')
#1 /Users/gihovani.demetrio/www/maxplural/vendor/codeigniter4/framework/system/Common.php(840): CodeIgniter\HTTP\RedirectResponse->route(false)
#2 /Users/gihovani.demetrio/www/maxplural/app/Controllers/Admin/Index.php(18): redirect('admin/dashboard')
#3 /Users/gihovani.demetrio/www/maxplural/vendor/codeigniter4/framework/system/CodeIgniter.php(824): App\Controllers\Admin\Index->index()
#4 /Users/gihovani.demetrio/www/maxplural/vendor/codeigniter4/framework/system/CodeIgniter.php(410): CodeIgniter\CodeIgniter->runController(Object(App\Controllers\Admin\Index))
#5 /Users/gihovani.demetrio/www/maxplural/vendor/codeigniter4/framework/system/CodeIgniter.php(318): CodeIgniter\CodeIgniter->handleRequest(NULL, Object(Config\Cache), false)
#6 /Users/gihovani.demetrio/www/maxplural/public/index.php(37): CodeIgniter\CodeIgniter->run()
#7 /Users/gihovani.demetrio/www/maxplural/vendor/codeigniter4/framework/system/Commands/Server/rewrite.php(43): require_once('/Users/gihovani...')
#8 {main}
ERROR - 2021-11-15 15:13:50 --> Error connecting to the database: Unknown database 'maxplural'
CRITICAL - 2021-11-15 15:13:50 --> Unable to connect to the database.
Main connection [MySQLi]: Unknown database 'maxplural'
#0 /Users/gihovani.demetrio/www/maxplural/vendor/codeigniter4/framework/system/Session/Handlers/DatabaseHandler.php(95): CodeIgniter\Database\BaseConnection->initialize()
#1 [internal function]: CodeIgniter\Session\Handlers\DatabaseHandler->open('mp_sessions', 'mp_session')
#2 /Users/gihovani.demetrio/www/maxplural/vendor/codeigniter4/framework/system/Session/Session.php(894): session_start()
#3 /Users/gihovani.demetrio/www/maxplural/vendor/codeigniter4/framework/system/Session/Session.php(238): CodeIgniter\Session\Session->startSession()
#4 /Users/gihovani.demetrio/www/maxplural/vendor/codeigniter4/framework/system/Config/Services.php(577): CodeIgniter\Session\Session->start()
#5 /Users/gihovani.demetrio/www/maxplural/vendor/codeigniter4/framework/system/Config/BaseService.php(248): CodeIgniter\Config\Services::session(Object(Config\App), false)
#6 /Users/gihovani.demetrio/www/maxplural/vendor/codeigniter4/framework/system/Config/BaseService.php(189): CodeIgniter\Config\BaseService::__callStatic('session', Array)
#7 /Users/gihovani.demetrio/www/maxplural/vendor/codeigniter4/framework/system/Config/Services.php(563): CodeIgniter\Config\BaseService::getSharedInstance('session', NULL)
#8 /Users/gihovani.demetrio/www/maxplural/vendor/codeigniter4/framework/system/Config/BaseService.php(248): CodeIgniter\Config\Services::session()
#9 /Users/gihovani.demetrio/www/maxplural/vendor/codeigniter4/framework/system/Common.php(909): CodeIgniter\Config\BaseService::__callStatic('session', Array)
#10 /Users/gihovani.demetrio/www/maxplural/app/Libraries/MyAuth.php(39): session()
#11 /Users/gihovani.demetrio/www/maxplural/app/Libraries/MyAuth.php(57): App\Libraries\MyAuth->getAdmin()
#12 /Users/gihovani.demetrio/www/maxplural/app/Controllers/Admin/Index.php(17): App\Libraries\MyAuth->isLoggedIn()
#13 /Users/gihovani.demetrio/www/maxplural/vendor/codeigniter4/framework/system/CodeIgniter.php(824): App\Controllers\Admin\Index->index()
#14 /Users/gihovani.demetrio/www/maxplural/vendor/codeigniter4/framework/system/CodeIgniter.php(410): CodeIgniter\CodeIgniter->runController(Object(App\Controllers\Admin\Index))
#15 /Users/gihovani.demetrio/www/maxplural/vendor/codeigniter4/framework/system/CodeIgniter.php(318): CodeIgniter\CodeIgniter->handleRequest(NULL, Object(Config\Cache), false)
#16 /Users/gihovani.demetrio/www/maxplural/public/index.php(37): CodeIgniter\CodeIgniter->run()
#17 /Users/gihovani.demetrio/www/maxplural/vendor/codeigniter4/framework/system/Commands/Server/rewrite.php(43): require_once('/Users/gihovani...')
#18 {main}
ERROR - 2021-11-15 15:13:52 --> Error connecting to the database: Unknown database 'maxplural'
CRITICAL - 2021-11-15 15:13:52 --> Unable to connect to the database.
Main connection [MySQLi]: Unknown database 'maxplural'
#0 /Users/gihovani.demetrio/www/maxplural/vendor/codeigniter4/framework/system/Session/Handlers/DatabaseHandler.php(95): CodeIgniter\Database\BaseConnection->initialize()
#1 [internal function]: CodeIgniter\Session\Handlers\DatabaseHandler->open('mp_sessions', 'mp_session')
#2 /Users/gihovani.demetrio/www/maxplural/vendor/codeigniter4/framework/system/Session/Session.php(894): session_start()
#3 /Users/gihovani.demetrio/www/maxplural/vendor/codeigniter4/framework/system/Session/Session.php(238): CodeIgniter\Session\Session->startSession()
#4 /Users/gihovani.demetrio/www/maxplural/vendor/codeigniter4/framework/system/Config/Services.php(577): CodeIgniter\Session\Session->start()
#5 /Users/gihovani.demetrio/www/maxplural/vendor/codeigniter4/framework/system/Config/BaseService.php(248): CodeIgniter\Config\Services::session(Object(Config\App), false)
#6 /Users/gihovani.demetrio/www/maxplural/vendor/codeigniter4/framework/system/Config/BaseService.php(189): CodeIgniter\Config\BaseService::__callStatic('session', Array)
#7 /Users/gihovani.demetrio/www/maxplural/vendor/codeigniter4/framework/system/Config/Services.php(563): CodeIgniter\Config\BaseService::getSharedInstance('session', NULL)
#8 /Users/gihovani.demetrio/www/maxplural/vendor/codeigniter4/framework/system/Config/BaseService.php(248): CodeIgniter\Config\Services::session()
#9 /Users/gihovani.demetrio/www/maxplural/vendor/codeigniter4/framework/system/Common.php(909): CodeIgniter\Config\BaseService::__callStatic('session', Array)
#10 /Users/gihovani.demetrio/www/maxplural/app/Libraries/MyAuth.php(39): session()
#11 /Users/gihovani.demetrio/www/maxplural/app/Libraries/MyAuth.php(57): App\Libraries\MyAuth->getAdmin()
#12 /Users/gihovani.demetrio/www/maxplural/app/Controllers/Admin/Index.php(17): App\Libraries\MyAuth->isLoggedIn()
#13 /Users/gihovani.demetrio/www/maxplural/vendor/codeigniter4/framework/system/CodeIgniter.php(824): App\Controllers\Admin\Index->index()
#14 /Users/gihovani.demetrio/www/maxplural/vendor/codeigniter4/framework/system/CodeIgniter.php(410): CodeIgniter\CodeIgniter->runController(Object(App\Controllers\Admin\Index))
#15 /Users/gihovani.demetrio/www/maxplural/vendor/codeigniter4/framework/system/CodeIgniter.php(318): CodeIgniter\CodeIgniter->handleRequest(NULL, Object(Config\Cache), false)
#16 /Users/gihovani.demetrio/www/maxplural/public/index.php(37): CodeIgniter\CodeIgniter->run()
#17 /Users/gihovani.demetrio/www/maxplural/vendor/codeigniter4/framework/system/Commands/Server/rewrite.php(43): require_once('/Users/gihovani...')
#18 {main}
